#iterations:     437
estimated error: 1.78904e-16
BiCGSTAB for ACTIVSg2000 Succeed!
Compute time: 0 ms
Solve time: 553 ms

Total time: 553 ms

l1Norm norm: 4.70353e-05
Euclidean norm: 2.17259e-06
infinityNorm norm: 8.25792e-07
x: 128446
 126718
 129212
 129402
 127908
 127765
 126950
 124570
 123990
 126321
 125835
 125924
 126886
 125813
 126772
 127512
 128181
 128168
 128392
 127801
 127260
 129195
 128393
 128081
 127712
 126864
 128883
 129487
 128778
 125479
 127006
 125541
 126290
 127672
 127442
 126100
 128390
 124308
 123098
 128216
 127819
 127815
 127556
 128391
 128673
 126338
 126621
 126618
 126622
 125755
 125966
 125910
 127114
 128731
 129180
 128475
 128476
 124727
 124702
 124732
 128009
 127996
 128004
 128638
 127795
 127164
 127870
 127299
 124515
 124116
 128286
 127421
 126678
 126925
 127205
 128287
 128282
 127250
 131093
 127249
 127276
 123959
 124842
 127815
 127167
 127341
 125251
 126624
 129184
 127907
 131733
 136268
 136330
 136722
 136331
 136331
 136332
 136208
 132234
 133354
 132366
 132368
 132131
 132163
 132221
 136388
 137671
 132294
 132283
 132294
 133312
 135818
 136106
 135689
 135618
 133214
 132277
 136297
 133624
 132062
 136818
 131070
 136119
 137054
 137576
 131133
 133261
 136461
 136796
 135880
 136145
 131834
 131519
 137617
 136796
 133379
 137527
 136864
 131617
 132995
 136716
 134730
 132229
 135639
 133079
 133196
 133087
 132728
 131789
 131371
 136542
 132732
 132567
 137428
 136310
 136775
 130564
 133209
 133019
 137480
 132977
 132674
 137161
 130096
 129746
 129766
 129938
 136137
 135833
 132071
 135344
 136933
 133309
 133216
 133331
 133318
 135664
 130574
 132993
 132711
 136364
 131819
 137153
 132183
 132198
 132189
 131540
 131399
 131706
 131531
 131334
 136453
 136687
 136455
 136456
 136457
 137131
 136820
 132802
 133497
 136270
 133875
 133943
 135767
 135947
 135396
 135494
 135314
 135083
 135442
 135297
 136214
 136380
 131771
 137299
 137146
 137005
 132545
 132460
 137117
 132498
 131944
 132417
 135991
 120954
 121788
 128822
 128635
 121518
 129836
 129726
 129338
 128169
 121311
 123720
 123420
 129977
 124740
 128735
 129235
 128779
 128245
 128578
 127822
 131214
 129060
 129824
 128493
 127920
 131469
 131467
 131244
 129442
 130249
 129363
 129918
 128962
 128113
 128414
 128823
 129880
 129252
 129526
 129646
 129804
 128508
 129838
 129828
 129817
 130679
 128897
 131602
 130253
 126226
 126829
 121935
 129836
 129582
 129594
 129355
 129379
 129017
 128188
 128338
 128537
 128796
 128689
 128732
 128225
 129195
 129193
 128958
 129590
 129345
 128879
 129933
 119980
 118661
 129740
 120676
 129893
 129941
 129877
 129408
 129376
 129921
 129604
 128995
 129034
 128383
 129075
 130756
 131004
 131121
 131275
 130095
 121674
 129552
 128886
 130064
 129803
 129269
 130062
 130901
 126510
 131325
 129094
 125957
 125905
 125294
 121959
 128623
 129601
 128930
 128209
 127511
 127496
 129233
 129546
 129039
 128803
 128719
 120166
 119536
 128636
 127819
 121112
 123555
 131305
 121166
 128624
 128953
 128573
 128072
 129569
 129701
 129808
 129802
 129431
 129027
 129756
 129546
 129368
 129414
 128782
 129660
 129450
 129586
 129516
 128895
 129258
 120093
 121922
 121489
 122117
 119804
 122191
 119629
 116755
 116527
 120395
 120783
 121883
 122312
 122671
 118061
 116104
 114298
 120619
 116164
 120867
 121933
 118804
 115936
 116921
 114964
 122172
 108671
 109464
 108173
 120512
 117550
 120935
 121769
 115781
 120649
 115035
 114791
 119510
 120315
 120453
 121690
 120838
 120895
 120685
 120893
 120660
 120972
 119339
 119045
 117168
 116375
 117295
 114933
 115564
 113914
 114954
 113507
 113589
 113317
 113427
 113312
 113406
 115649
 115216
 122262
 120065
 122021
 115639
 117346
 117956
 115591
 119575
 120152
 119600
 119437
 119386
 115650
 121010
 115794
 116050
 115188
 115238
 115494
 115536
 119139
 116034
 122080
 120628
 120864
 120435
 120679
 120388
 120546
 120437
 120737
 120405
 120710
 115870
 115562
 120841
 118384
 122269
 115492
 115190
 118351
 122027
 115059
 115998
 119315
 120625
 117747
 120800
 121079
 120725
 120744
 117338
 117964
 120935
 115608
 120644
 121898
 116190
 119379
 114499
 118021
 117855
 121124
 120280
 120018
 119196
 119495
 119223
 119040
 119042
 118995
 119227
 119212
 117198
 116828
 117294
 116640
 120212
 117474
 115365
 119855
 120342
 118996
 113469
 115756
 116905
 116916
 116612
 121214
 120856
 115967
 121539
 114570
 115343
 114325
 113929
 113960
 114639
 120865
 116708
 116171
 120962
 115399
 116450
 115397
 119022
 117904
 110718
 120683
 120485
 120171
 119896
 113819
 119884
 115637
 113619
 113593
 116951
 118627
 120873
 121092
 121673
 121359
 121036
 121110
 118251
 117316
 117643
 118778
 119488
 137687
 136048
 134291
 137633
 136835
 132248
 137809
 137526
 132732
 136924
 131852
 136295
 135968
 136777
 137079
 133706
 134012
 133554
 135382
 136091
 135397
 131962
 135850
 136982
 137089
 137248
 131076
 136717
 137140
 137418
 136296
 136731
 136341
 136323
 136091
 136082
 136213
 136022
 136111
 136064
 137608
 136171
 133067
 133357
 135609
 136366
 136132
 136841
 136020
 137436
 137512
 133472
 134028
 134211
 134035
 133681
 136831
 138143
 139539
 141454
 136119
 136845
 136114
 136171
 135884
 135878
 135865
 137542
 132548
 137544
 131435
 137606
 131634
 138464
 139673
 137008
 132976
 132268
 130407
 137393
 136524
 137242
 137431
 137313
 136062
 134588
 134639
 137674
 135830
 136834
 136985
 135454
 137594
 137374
 137127
 137094
 137435
 137348
 132295
 136607
 137391
 136895
 137695
 137811
 137800
 137142
 137291
 134642
 137753
 134043
 137115
 137583
 137225
 137669
 137291
 131796
 135071
 130929
 131402
 137662
 128068
 127153
 137007
 137793
 133502
 137587
 130578
 137495
 129124
 129651
 134248
 133055
 134127
 136714
 132680
 132856
 137862
 132072
 137245
 131727
 136978
 133481
 137268
 137434
 137780
 137693
 137760
 134779
 134083
 137547
 135734
 134479
 133524
 131876
 137363
 137378
 128560
 136838
 137681
 134086
 129933
 136150
 136702
 135880
 136198
 137843
 134124
 133789
 135576
 136479
 137544
 135226
 136926
 134339
 137266
 137605
 134647
 134982
 137659
 132191
 137894
 137499
 136648
 136857
 134102
 137685
 137567
 135230
 133880
 129561
 129543
 137296
 137183
 134360
 134635
 134302
 137124
 134938
 132817
 136162
 137764
 134908
 135190
 134627
 134762
 134720
 134390
 137265
 133857
 136994
 137607
 137486
 137314
 137221
 137307
 136955
 137287
 137110
 130380
 137065
 133877
 137802
 137376
 131308
 138176
 137105
 137408
 137617
 133194
 137460
 137409
 137347
 129868
 133256
 133074
 133173
 128934
 129622
 129604
 129924
 128771
 137047
 137640
 134346
 134436
 137294
 136410
 137143
 137431
 137752
 137400
 137190
 135057
 136376
 136193
 137570
 137442
 134289
 134376
 133822
 133958
 134457
 136986
 137277
 132450
 136908
 136516
 134259
 129438
 137617
 137748
 137280
 134249
 132380
 137565
 129829
 129582
 129880
 129418
 129444
 129591
 137353
 135796
 133558
 137423
 136901
 137710
 134835
 137065
 136676
 135792
 137798
 136490
 136953
 136541
 136396
 136300
 136329
 136308
 136367
 136399
 136497
 137180
 136352
 137676
 137328
 137713
 137368
 137793
 136779
 136881
 133102
 137298
 137565
 134476
 135053
 134408
 134493
 134413
 136348
 137124
 135887
 135978
 136183
 133389
 132712
 137481
 137147
 137467
 137243
 137225
 131435
 137738
 137285
 134838
 136346
 137553
 137652
 137576
 137829
 137400
 137861
 135566
 137034
 132055
 136312
 137267
 136501
 137100
 137431
 137220
 137782
 136590
 137647
 137400
 130905
 131760
 130675
 135121
 135290
 135125
 135010
 134880
 134848
 134855
 134947
 134833
 137239
 137023
 137807
 137656
 137081
 137051
 137217
 130605
 133083
 137437
 135357
 135738
 135185
 135081
 136364
 136860
 137597
 137335
 133139
 133461
 129462
 129099
 129824
 134098
 131918
 131567
 131951
 131773
 132479
 131850
 137244
 134630
 135265
 134452
 134507
 134508
 134454
 133866
 137248
 137251
 129541
 129936
 137487
 133998
 134269
 133777
 133772
 133798
 133821
 133868
 136944
 137294
 137688
 137645
 137823
 137461
 136760
 136791
 137146
 137300
 136437
 137480
 136204
 137482
 136862
 134295
 137729
 134171
 137182
 136001
 137488
 136776
 137269
 137106
 135824
 136402
 133048
 137106
 136355
 136970
 137410
 129992
 130438
 136464
 137067
 136062
 131874
 137411
 129271
 128712
 130028
 130518
 137399
 137658
 136514
 137268
 132106
 137657
 137431
 137175
 133116
 134267
 133316
 135391
 134750
 137045
 135612
 130365
 137534
 135945
 136581
 136722
 137794
 137134
 131473
 135238
 120580
 121045
 123777
 119492
 119869
 123642
 123785
 123625
 123515
 123604
 119919
 121400
 121017
 120171
 120410
 120871
 120457
 125267
 125361
 124957
 124128
 124970
 126077
 125583
 120826
 120589
 122583
 124746
 115087
 109696
 111052
 126081
 125663
 125292
 125714
 119414
 120120
 123406
 124188
 125302
 123417
 123235
 120453
 120656
 119975
 120240
 121014
 120052
 120021
 120020
 119861
 120008
 119844
 119814
 122434
 118691
 119336
 119895
 120767
 121269
 125931
 110561
 112256
 112855
 127399
 119316
 119411
 120115
 119199
 118995
 119222
 119341
 119150
 119159
 110568
 111222
 111748
 110238
 110431
 110362
 125368
 125399
 125269
 125884
 126289
 125436
 126158
 125878
 125774
 125575
 123380
 116409
 120621
 120437
 126365
 120614
 120631
 126019
 120637
 120377
 111468
 113651
 116857
 111347
 111272
 111360
 126094
 123350
 125147
 125869
 125840
 119848
 125442
 121142
 120815
 125684
 118530
 124021
 125033
 125802
 120700
 109987
 125896
 120450
 119161
 124447
 126846
 121056
 121359
 123976
 122081
 125662
 118706
 127787
 111709
 126567
 125951
 122113
 121472
 128314
 117745
 118738
 119655
 117796
 117221
 117240
 117484
 117755
 117689
 121169
 114066
 119819
 119867
 124193
 120191
 125579
 121771
 113024
 120613
 125420
 117564
 119012
 119711
 117323
 117300
 117461
 117356
 121084
 117268
 118948
 119802
 110233
 111568
 120674
 125461
 123613
 119610
 120451
 120977
 119697
 124646
 121156
 117430
 125600
 125537
 125562
 125642
 108280
 109491
 116577
 120675
 118267
 118470
 124281
 111425
 122679
 118708
 119946
 120595
 120664
 121152
 119687
 120898
 120723
 125018
 118039
 125854
 126187
 120647
 124277
 124605
 124997
 124167
 123989
 124210
 124113
 126087
 123020
 125692
 120419
 117094
 124224
 124796
 126008
 120762
 123120
 125195
 119132
 121149
 122827
 124074
 124110
 125764
 119315
 119464
 120300
 127348
 125383
 116631
 117817
 119307
 116500
 116426
 116333
 116382
 116511
 116550
 116444
 116364
 120831
 123104
 124756
 112183
 123642
 124082
 125060
 123513
 123395
 123668
 123486
 121115
 126816
 113981
 114324
 112253
 112619
 112938
 112605
 112979
 112619
 112424
 112491
 112570
 112741
 120614
 121007
 120972
 122263
 119168
 119793
 120642
 125826
 120450
 120310
 121142
 122083
 119560
 120578
 125670
 126044
 121031
 123697
 123911
 124015
 123592
 123607
 123437
 118761
 119131
 119741
 118793
 118299
 118606
 118367
 118292
 125609
 120716
 119388
 120470
 120223
 112508
 120012
 125382
 121140
 125852
 128997
 128764
 128375
 128007
 120244
 116532
 117415
 120623
 120334
 128018
 117985
 111071
 122186
 113516
 125586
 126126
 120840
 118758
 119405
 120398
 121901
 120750
 126281
 123478
 118947
 112704
 125644
 125415
 125860
 125505
 118533
 118939
 119581
 123779
 124670
 125448
 120697
 126096
 125252
 125747
 121137
 120335
 126948
 124818
 126017
 107127
 107127
 107810
 108716
 106892
 106993
 106927
 106920
 106894
 111694
 111617
 109053
 110533
 109564
 109854
 109154
 109749
 107238
 107911
 109306
 107144
 106941
 107058
 107099
 107330
 108774
 110507
 109345
 105911
 108071
 105292
 105932
 105934
 106322
 110344
 111004
 107643
 107724
 108794
 108292
 109168
 105916
 107070
 107472
 105628
 105691
 108012
 108226
 109562
 111708
 109942
 109100
 107940
 110091
 109067
 109742
 111095
 101318
 102657
 104099
 100868
 100904
 101106
 100980
 100944
 100913
 110576
 102603
 104624
 109171
 101788
 108681
 107829
 108486
 108963
 107009
 107507
 108570
 106779
 106713
 106708
 106773
 107668
 108405
 107740
 109550
 108652
 109221
 109877
 111631
 109736
 109484
 109651
 109941
88542.2
92209.4
93909.2
   1506
86662.3
 109304
 109136
 110746
 109376
 107066
 107613
 108567
 106964
 106979
 106993
 106841
 106836
 106932
 106799
 106943
 106942
 109290
 110070
 110527
 109278
 109900
 110157
 110176
 101012
 109488
 106461
 107502
 108205
 111246
 105297
 107023
 107908
 108754
 107028
 106814
 106760
 106732
 106731
 106821
 106865
 106889
 106936
 106910
 110825
 109146
 110461
 110420
 109203
 110261
 105736
 111350
 111836
 109350
96629.4
 110891
 109448
 109310
 110189
 110353
 108335
 108752
 109559
 108167
 108164
 108148
 108164
 108133
 108081
 108146
 108183
 108004
 107727
 108284
 110541
 109110
 108729
 109151
 110365
 110423
 109031
 109612
 110337
 109666
 109593
 106949
 107512
 105680
 107308
 108818
 105717
 105575
 105726
 105653
 105702
 105452
 105417
 105544
 105597
 110351
 108327
 109324
 110204
 112093
 105339
 106960
 107468
 108448
 106997
 106832
 106872
 106729
 106794
 106685
 108758
 109408
 111161
 109618
 109762
 112193
 106585
 109492
 109416
 109457
 110054
 109619
 110356
 109478
 107824
 108288
 108893
 107483
 108894
 108484
 111642
 110714
 110782
 110561
 108236
 109532
 109268
 109551
 109816
 110278
 109803
 108667
 110640
 110500
 105627
 109772
 109697
 109343
 111368
 105922
 106867
 111906
 109012
 109275
 109162
 109328
 109419
 109289
  96942
98241.9
 107030
 107479
 108559
 106849
 106758
 106948
 106787
 106873
 110330
 109257
 108670
 108784
 109471
 109824
 106683
 108048
 108802
 108209
 108247
 107659
 108668
 108064
 107609
 107516
 107547
 107531
 107469
 111032
 110664
 109804
 108671
 108681
 110414
 109941
 109457
 109921
 107060
 111289
 109277
 100668
 105388
97515.6
 102062
 104582
97260.7
97277.2
  97580
97071.7
97361.7
 105621
 106280
 111156
 110088
 109261
 108859
 109514
 110367
 106486
 106142
 107257
 106304
 106241
 106239
 106366
 103284
 104095
 102959
 109548
 107217
 107710
 108892
 107283
 107153
 108954
 107771
 109470
 104961
 110347
 103332
 107193
 108746
 110202
 109338
 106173
 106797
 107638
 106062
 105899
 105807
 105836
 105856
 105996
 105995
 106018
 106199
 105869
 106048
 105959
 106036
 109753
 108626
 108241
 109856
 107145
 108006
 109006
 106950
 106894
 106938
 106954
 107061
 106994
 106829
 106853
 106927
 106867
 106888
 107608
 110004
 109568
 108245
 109598
 110118
 109517
 110209
 109862
 109962
 110817
 111227
 109190
 105440
 110090
 110045
 109522
 108372
 109116
 109196
 107148
 107571
 108773
 109063
 110452
 108642
 102011
 102921
 104029
 107776
 109258
 111066
 107464
 105718
 105780
 106005
 107028
 109445
 109307
 108963
 109859
 111528
 106956
 107548
 108531
 110550
 102835
 109981
 106223
 105052
 106127
 111054
 131968
 133388
 140817
 133085
 131995
 132939
 139327
 139740
 140836
 112744
 133462
 136961
 113453
 141060
 136196
 136795
 118497
 139798
 138075
 139831
 140459
 138543
 138064
 134031
 131944
 139359
 141282
 139706
 141269
 140818
 111359
 111590
 113457
 111396
 111389
 111386
 111387
 133847
 137917
 141046
 139478
 139519
 136935
 134477
 135171
 136394
 134427
 134498
 134440
 134443
 134509
 134492
 140233
 140038
 139230
 138882
 140535
 135172
 135085
 136158
 135190
 135193
 137555
 139386
 136393
 138420
 137711
 133745
 132974
 133442
 133771
 133526
 138282
 140612
 134852
 135371
 136740
 134550
 134538
 134609
 134570
 140719
 128767
 130404
 132170
 132461
 133198
 128783
 128662
 140341
 139767
 137426
 139569
 137030
 115741
 117166
 139683
 135566
 137541
 134212
 140329
 137739
 126446
 133462
 113299
 136254
 137224
 137360
 140394
 138978
 138857
 135810
 136096
 136409
 137326
 136175
 136119
 136065
 138135
 137391
 118726
 139123
 118899
 138685
 138103
 138365
 135603
 135857
 136493
 135411
 135118
 135342
 138444
 137636
 138864
 140147
 140088
 135793
 140598
 116077
 117412
 121879
 137648
 116271
 136977
 139023
 141572
 135860
 136507
 138333
 137266
 139453
 118125
 140347
 140753
 129165
 123769
 126020
 113043
 115991
 117460
 3966.9
11219.5
3810.53
3878.06
3353.04
   2006
10246.9
5250.07
5350.14
  11078
11451.3
6706.78
5492.02
5847.66
  11265
3034.77
4403.66
3613.81
3992.63
3297.59
   2021
3621.86
   2023
2905.87
3284.18
   2026
4730.99
3624.66
4896.72
8817.93
8357.75
5314.55
5321.59
2825.89
   2035
3818.36
4212.14
6502.97
6892.28
3134.67
3173.22
3376.39
   2043
4833.65
4333.16
7170.64
4877.05
 5056.1
5101.87
5080.29
   2051
5004.33
4979.04
4567.63
3980.55
4427.88
4745.09
5496.07
6442.32
6151.96
3733.07
4300.54
3960.43
4140.69
3202.15
   2066
3164.43
2833.57
4902.48
   2070
3891.07
   2072
   2073
   2074
   2075
3951.68
4097.94
   2078
4318.66
   2080
4734.49
6036.71
6717.88
3658.59
4389.94
5348.69
6396.41
   2088
4407.13
   2090
4838.35
4756.34
4602.42
5215.07
4675.34
4692.55
4681.75
 4666.9
4696.23
3639.04
4704.19
   2622
3372.51
2614.91
4966.89
5376.82
6195.53
 2490.6
3007.77
2593.79
3402.46
3835.95
4462.85
   2114
   2115
3177.87
3083.75
 4944.8
3750.66
5131.02
5306.79
5509.64
4557.86
5655.54
6114.16
5357.72
3288.68
5149.37
5219.04
5213.96
4711.04
3609.74
 3689.7
6061.39
5311.83
3412.84
 6142.1
5399.11
5242.34
3444.24
 5762.4
   4530
4107.06
4669.24
3095.66
3182.92
3203.92
   2148
 3564.5
3799.06
5201.94
3102.61
   2153
5988.13
4864.88
5507.09
5401.82
3128.75
3022.21
5943.46
 2925.2
   2162
5616.77
5184.16
5026.95
5462.81
5227.66
4523.89
   2169
4940.15
4812.76
5458.92
3316.38
   2174
3778.74
3514.36
5077.82
5295.14
2916.66
   2180
5332.34
5202.66
5676.61
 3300.2
3505.14
3385.17
2896.14
3070.17
 4623.3
3005.85
   2191
4639.12
4893.04
4602.66
4588.51
4622.63
5569.61
   4987
6610.13
3825.82
4902.31
5459.14
4074.02
3811.07
4071.71
   2206
3970.87
   2208
4048.29
3893.56
   2211
4929.07
4875.74
3448.66
5705.55
5196.61
5659.59
   2218
2751.96
 5683.1
6754.81
6770.18
7625.46
 4625.3
 8026.2
9064.79
3590.26
3872.09
13725.8
4893.14
3137.41
6930.56
7580.66
15223.8
9249.02
9336.26
3743.28
6197.15
3881.13
3247.18
   2241
4636.69
5098.17
   2244
6175.04
4085.99
 5198.3
6083.14
6596.47
3396.59
4291.27
   2252
6816.55
7478.99
3985.74
3526.53
3592.11
   2258
7313.27
7291.08
4027.02
4243.91
4068.28
6419.39
3955.68
3776.04
4300.37
4166.88
4151.25
4266.71
4265.78
4334.45
5399.43
6344.17
6561.39
12626.4
3212.33
3834.75
   2279
   2280
   2281
3347.05
3496.16
   2284
   2285
   2286
   2287
3713.93
   2289
8111.61
3130.15
   2292
4594.15
2921.73
3074.48
 7313.6
15687.5
15841.4
9448.26
15898.3
3637.32
3853.55
4549.15
4331.33
   2305
3388.69
2894.07
   2308
4119.11
   2310
4628.76
3793.59
4312.93
4487.15
4666.79
   2316
14746.1
3030.31
   2319
3554.86
3565.74
   2322
3743.59
4460.79
5510.62
4551.75
3412.49
4592.55
   2329
   2330
10631.6
7038.73
3637.31
   2334
3521.23
   2336
   2337
6021.19
4626.64
3287.93
   2341
   2342
13818.6
14019.6
3771.83
   2346
15741.7
8512.18
4796.91
14245.8
3795.43
4133.93
4012.15
3797.83
   2355
9150.77
3796.19
4421.42
4388.69
3582.95
   2361
8986.27
5256.25
 4874.7
 3585.6
8154.39
8118.93
8977.32
4079.12
8715.97
7122.88
14905.7
7960.03
6373.16
7016.04
5836.06
7828.23
7927.83
 3846.5
   2380
5821.08
7014.99
7243.27
8047.89
8538.42
 7652.6
4388.48
6964.41
6092.81
5046.13
5382.05
8189.39
 7889.3
5883.38
6749.86
   2396
7826.01
5583.95
6113.49
   2400
5522.84
5924.72
 5691.1
7471.06
 4794.8
9260.62
7212.13
8061.18
5979.51
6704.41
6693.09
7554.65
 4863.5
4023.95
   2415
   2416
   2417
6840.87
4382.08
   2420
5838.26
6036.24
4455.53
7611.54
4571.39
3367.97
4217.22
   2428
   2429
   2430
   2431
   2432
   2433
4687.24
   2435
 7948.4
5380.47
7743.98
4618.53
3005.07
3328.12
   4578
6053.67
6514.57
6241.76
   2446
   2447
4582.13
7129.72
3378.66
4261.22
   2452
   2453
   2454
   2455
4590.84
 4563.3
 7768.2
4658.46
5990.97
   2461
4959.59
   2463
   2464
   2465
5415.39
   2467
5247.71
6083.33
4512.57
5802.88
4049.92
8137.45
4211.37
   2475
3785.43
7588.26
4324.14
4677.51
4856.89
5988.14
5738.73
5131.04
5480.52
   2485
   2486
7252.96
7533.22
 4532.2
4632.91
 6486.9
 7588.5
4725.67
7323.09
7685.04
3577.81
6892.89
8055.15
   5932
6803.34
8273.52
8604.98
8445.47
8609.51
8732.84
8830.34
8479.58
   8567
7007.98
4070.08
   5153
   2512
9104.13
7034.81
4287.32
5638.56
5708.09
7832.31
 6740.1
4621.36
4688.98
4309.94
4845.63
7091.35
6664.27
4598.12
 7228.5
 3628.6
4383.62
   2530
   2531
   2532
3943.22
6453.27
 4081.6
4341.46
5917.38
4362.57
6479.17
4554.52
4772.81
8259.93
7660.34
7854.95
 5252.6
4075.29
   2547
8363.76
7281.73
4705.37
3874.88
5842.48
3827.77
4671.82
5291.34
6553.29
9018.69
  11878
9305.64
5612.29
 4789.4
   2562
 2929.2
8134.13
4933.11
5270.49
8378.51
 6762.5
5253.16
5032.03
 5697.8
5484.15
5314.21
8823.11
5240.34
7051.64
5539.46
4187.97
4938.29
5455.68
3463.92
   4071
   2583
4507.03
4963.95
4611.39
6796.78
5130.57
 5184.4
5763.75
5118.46
6849.17
5720.44
5202.34
5093.53
3756.06
4316.06
4075.87
3880.67
   2600
   2601
   2602
   2603
   2604
   2605
5517.95
4995.34
4186.08
4745.68
3662.36
4461.85
4548.66
5007.43
4546.47
6517.04
5049.75
8666.39
3445.78
3666.29
3484.11
   2621
8671.65
10600.8
12143.8
13218.4
4079.49
4785.36
4167.02
4249.55
   2630
   2631
   2632
5254.28
5960.51
5200.87
5218.37
5746.01
7161.55
8392.63
10377.8
5213.22
6241.63
7351.48
6839.98
5459.66
4398.91
4860.56
5336.26
5351.88
5952.89
6397.17
6703.17
5403.74
6191.76
5421.38
5660.19
5346.67
5382.27
5151.56
5050.08
5903.18
5717.54
5124.55
6875.16
4542.76
5166.95
5064.15
 5452.4
6158.99
6015.09
 5071.7
5391.67
5332.07
5370.63
6263.43
5515.93
7270.94
 5572.7
5296.78
5310.86
5948.46
3957.67
4590.04
5064.86
5409.29
9731.86
10275.4
4907.09
5381.45
6678.36
5476.74
6522.09
5085.47
5775.63
6153.96
6689.58
6362.75
6702.29
5516.74
5685.07
 6186.6
5694.59
7137.55
5594.16
7157.42
5053.75
6131.96
 5074.2
5277.16
5472.73
5461.18
5562.25
4242.41
6623.28
5222.66
4532.43
6622.87
6588.58
7038.28
5281.74
5208.11
9241.73
4969.36
5438.37
7504.46
6687.69
4437.79
4846.11
4429.26
4744.62
5702.16
6656.22
6729.33
6399.15
5862.91
5159.62
6551.75
   5038
4795.69
5240.48
5470.65
5010.34
5234.23
5398.87
 6835.6
 5543.6
 5617.5
5474.71
 5170.4
4603.44
5453.26
5464.57
6311.42
6563.04
 6034.4
6077.56
5138.54
5359.28
3378.06
3905.01
   2761
 5397.9
 5626.9
7171.81
6466.42
5346.61
3576.71
3938.35
   2769
   2770
   2771
5991.99
5322.73
7756.59
5440.34
5237.83
5329.03
5308.67
5361.01
5429.19
 5538.4
6244.55
5762.17
6811.16
7753.36
 8650.9
 5466.3
5539.64
6996.12
   7569
4905.07
5318.15
   5526
 6609.1
5497.27
5265.33
5049.86
6759.12
3281.85
3091.96
   2801
4892.84
5818.28
6569.05
7868.77
   2806
5407.86
5691.97
 5388.4
6373.44
5221.13
5299.83
5014.81
5362.62
5527.27
5418.45
5306.69
5957.22
5623.57
5725.96
5501.52
5453.13
3710.86
 4828.9
   2825
   2826
6624.17
 5117.5
5086.66
 6960.9
5835.78
4570.58
6711.37
7665.04
 5532.6
5475.68
5219.74
8343.19
6487.76
5483.04
6826.13
5803.99
6200.89
5877.87
5822.21
5934.96
5418.17
5054.18
5805.31
5211.87
5769.35
 5358.8
6531.26
5595.84
5436.75
 4967.9
5446.45
4327.58
4708.18
4531.49
4344.99
4293.85
4374.03
4306.05
   2865
   2866
4472.89
5007.83
5310.17
5219.37
5122.94
5408.04
 5476.1
5499.11
5535.03
4559.98
6565.69
5372.59
5437.27
3903.43
4459.46
   2882
4006.24
   2884
4424.94
4896.35
4320.27
   2888
4401.14
7424.72
7096.87
5199.46
5068.34
5532.85
5660.24
5415.28
5310.08
 5384.4
5170.96
4067.41
5210.33
5532.45
5497.56
5202.21
   2905
   2906
5665.05
6285.43
5586.58
5951.28
5428.84
4967.24
4348.92
4977.86
5343.37
5202.67
6054.69
4764.85
5319.86
 5026.3
 5280.3
5880.63
   2923
3443.34
3728.82
3535.99
   2927
   2928
   2929
   2930
   2931
   2932
5216.32
5220.39
5538.89
5607.74
4877.51
5457.43
5054.05
6984.99
6611.84
 5519.4
4625.32
5264.57
   2945
4623.25
4276.75
4686.49
 5339.7
5716.69
5531.54
5833.26
7610.79
9170.41
10216.3
6379.55
3696.48
 3760.9
5158.64
5874.84
 8276.2
   2962
5175.46
4056.43
4618.37
4064.69
4099.97
4052.94
4140.77
6827.94
5445.07
 5293.5
5884.14
6552.06
5218.72
3798.56
5244.26
   2978
   2979
   2980
   2981
3800.26
5026.88
5576.07
5513.92
5808.45
5899.44
5172.42
7921.49
5168.51
5083.43
5625.19
5732.38
5295.33
5547.31
5400.26
5567.44
6598.68
5418.74
7253.03
5415.23
   5424
5459.97
5331.33
5513.49
5507.19
   3007
4276.87
6886.71
5267.03
4557.16
4961.49
5588.74
5585.06
5957.59
5327.27
5218.41
5398.52
6670.01
   5352
   7911
9364.21
10569.4
6678.38
5285.12
5465.13
4593.23
4930.01
6940.85
5381.24
5269.28
5746.45
6824.43
6306.03
 6180.6
4842.39
6610.31
5808.61
8397.73
6751.89
5351.87
4535.48
4719.89
5613.39
5720.84
5301.28
5306.92
5381.21
7364.41
7063.11
3878.24
6118.77
7535.19
   3054
4029.91
   3056
   3057
   3058
6352.71
8125.61
7364.59
9269.75
7688.65
7107.23
6668.82
6012.78
6152.64
5578.11
3990.01
4900.57
5580.34
7145.05
7351.01
7098.17
8136.25
6392.17
8724.42
6877.22
6891.03
7128.74
5149.47
5591.28
 5990.5
5962.23
6518.32
3803.61
5159.78
6204.59
   3089
   3090
6609.69
6991.35
5231.18
6021.84
7069.87
5401.31
5438.99
5432.94
 5255.2
5258.61
5274.14
   3102
8750.58
 4646.4
5376.33
5823.01
12179.5
7573.64
6375.44
6072.04
 7431.6
8556.88
6678.68
4380.32
5251.17
6204.43
   3117
   3118
   3119
4426.85
   3121
   3122
4636.19
5911.85
7134.12
   3126
   3127
   3128
5081.43
   3130
   3131
6671.11
8349.69
7374.72
7873.31
7023.77
7604.07
7094.32
7434.73
8826.79
6796.15
6754.51
6911.81
8885.06
6809.22
6275.29
7217.97
8220.24
5307.01
6064.25
7446.99
5180.16
5275.78
5238.38
4526.86
7070.18
8603.95
   3158
   3159
7880.84
6390.28
7420.05
6933.19
7419.41
7725.03
3882.25
5211.21
5743.32
7068.54
10191.9
 6105.4
6368.96
 8071.6
6557.18
10713.8
   7696
 8442.5
6657.85
7213.91
6511.82
10167.2
8810.13
7739.99
7278.81
6887.08
8287.11
8757.78
8988.72
4471.31
5431.84
 6410.3
4621.95
   3193
   3194
   3195
4487.65
   3197
7257.24
10276.9
6583.16
6646.96
6487.72
   7465
5302.07
 8034.3
11120.5
6884.76
6296.43
4543.67
5556.32
6065.88
   3212
   3213
   3214
   3215
7304.36
5000.69
6018.47
6451.15
6930.62
6769.54
6997.03
6424.74
6588.34
6365.19
 6872.6
7101.69
8286.51
7688.33
7434.12
8331.29
6598.09
6722.35
5971.75
6156.14
7398.53
8256.46
10304.5
6792.31
8447.31
9331.66
6678.73
8313.12
8271.53
5257.06
 6490.5
6770.18
7033.57
7324.57
 7974.8
7101.76
7013.59
6140.58
 9062.4
7044.73
   6369
7325.41
3979.68
4547.77
5263.49
   3261
   3262
   3263
   3264
7157.17
6807.27
6571.59
 6654.4
8355.31
5568.97
 5942.7
6306.34
7039.19
9477.75
6148.36
5114.76
5969.39
6568.45
6702.17
6116.05
6208.06
5429.23
5909.77
6579.24
10367.6
6434.77
4347.55
5770.36
6571.86
   3290
   3291
   3292
   3293
   3294
   3295
   3296
   3297
7074.39
7421.31
5960.51
7857.98
3830.83
 4618.9
5849.03
   3305
   3306
3938.93
   3308
7517.49
6229.11
6869.68
7045.21
6756.23
   3314
   3315
   3316
   3317
7831.37
7141.53
7448.62
7627.83
   3322
7111.03
7909.45
6029.18
6528.44
5600.59
6241.54
7204.63
6458.07
7974.99
6929.37
7665.66
8210.47
6263.84
6954.88
6337.88
6085.55
 7250.8
3889.66
4913.47
5998.42
   3343
   3344
   3345
4862.08
5351.83
5712.06
4925.29
4857.35
4799.77
4931.38
4861.92
6296.77
7194.39
6827.33
7370.06
6670.05
8306.32
6741.02
6564.92
7295.99
 5449.8
6144.29
6597.02
6985.41
6796.87
6823.29
6765.59
 7669.7
7075.31
7016.57
9887.98
11112.1
9841.23
 8812.3
8387.99
6634.49
6393.38
7119.94
5330.41
6052.98
6629.22
8684.16
7101.62
10012.7
6643.09
9094.46
9716.84
5166.81
5556.47
6058.15
6446.34
5359.83
5587.72
5724.91
   3397
4630.81
5914.56
 6937.6
6423.33
5636.47
6170.32
7491.86
10642.1
7941.65
4727.01
5370.78
9774.35
4299.38
5201.98
5974.62
   3413
   3414
   3415
   3416
   3417
9787.27
9527.96
8399.36
7742.83
7231.85
7971.04
6617.02
 7560.4
7352.48
6629.34
6692.07
7502.52
7673.87
7502.16
 7602.6
7685.83
6348.32
8078.58
7553.67
7996.92
7894.87
8681.07
8755.14
8702.87
8987.89
8576.58
8822.95
5775.78
6326.91
7051.59
6013.45
6802.01
7442.42
7009.98
8548.73
   3453
7510.76
5851.94
6667.06
7465.08
9544.37
7354.24
 7107.2
6097.31
6924.99
7081.48
7776.77
8588.64
8890.24
 8774.6
9882.97
 8851.6
8907.52
   3471
8796.66
8855.47
8926.33
7900.57
 7719.3
8477.54
6194.84
10886.9
6222.78
5739.69
6236.51
6109.29
4160.05
4978.73
 5960.5
   3487
   3488
   3489
   3490
5417.05
5900.54
6953.48
6113.95
7002.61
8812.31
7659.04
9255.21
7063.58
7340.41
 7354.6
7699.59
  10018
9442.07
10047.1
   3506
   3507
6779.23
7435.76
7903.23
6986.22
4200.34
5294.36
5830.97
4276.47
   3516
   3517
   3518
   3519
   3520
   3521
   3522
   3523
8714.68
7580.85
7794.75
 6707.1
7579.02
8548.34
8443.12
11201.4
7182.38
4627.91
6087.41
6512.85
9111.57
10607.7
4333.29
4994.86
 4141.5
4631.74
 4485.6
4488.07
4522.14
 4370.9
4352.32
4453.07
4546.05
4446.69
4397.47
8428.44
6500.46
8270.54
 8782.2
7246.45
7523.66
10054.5
9976.64
  10029
 7246.6
10817.9
8342.72
7301.89
7017.06
 7704.3
7655.31
5880.07
6408.82
6977.51
5824.39
   3571
5790.02
5873.08
   3574
   3575
5877.05
5781.69
   3578
5908.26
6174.66
7548.81
6021.81
 6514.6
6858.67
7576.21
7701.68
7019.45
7331.08
7749.29
9560.42
7630.74
5181.43
5620.81
4650.43
5800.42
6785.48
4810.55
   3598
4784.34
   3600
4796.46
   3602
   3603
   3604
   3605
7952.57
5790.54
7054.07
7862.55
9815.67
8766.79
4178.13
4908.83
6157.13
 4293.5
   3616
   3617
   3618
   3619
   3620
 6384.9
6702.64
 8624.6
 7375.8
7281.05
9991.75
8818.98
7342.61
7317.42
6872.05
7598.56
7250.83
7976.95
 7038.2
5296.31
 6547.5
6725.98
8924.91
5715.35
6349.58
9796.32
8071.94
8828.39
8400.11
 9103.2
7108.11
6839.49
   7346
7451.24
7752.89
7220.14
7032.69
8045.65
7854.69
8640.83
7478.18
7149.92
7145.58
9095.76
5843.55
 6662.6
10166.7
6943.89
7121.78
6174.63
7027.21
6547.61
6733.34
9103.68
9474.74
4391.13
5002.06
5445.95
4470.62
4644.29
4474.44
 4627.6
4381.41
8627.92
6983.35
6566.17
5791.36
6127.91
7487.45
10699.9
5376.29
 6143.7
5766.95
5840.12
5256.36
4515.75
6136.34
5473.04
 5976.8
5755.15
5917.29
 5394.1
8343.66
7928.88
7254.43
6259.74
6432.96
7769.62
7719.76
7000.88
 7390.6
9142.61
9231.51
6141.28
9398.43
10316.4
7394.42
7233.72
8204.32
7555.23
7417.66
7732.96
7602.81
   3719
5692.12
7055.97
8807.49
8120.73
6845.54
5919.67
6703.22
 7820.1
 4468.6
5123.25
6052.37
4432.93
4441.51
4459.15
4422.91
6607.65
7376.53
   3737
7317.73
4834.44
5334.55
6322.22
4892.63
   3743
7240.93
10500.9
6861.79
8222.88
8790.58
6379.35
6764.34
7685.88
 7469.4
6747.97
4243.59
5078.19
5790.77
   3757
   3758
   3759
   3760
   3761
   3762
   3763
   3764
   3765
   3766
   3767
   3768
   3769
7427.86
6616.15
8975.58
 7245.9
4484.33
5653.56
6507.46
   3777
   3778
   3779
   3780
4467.54
   3782
   3783
   3784
   3785
   3786
   3787
6260.34
7421.57
6825.26
6265.32
7317.33
7754.09
7528.99
7258.31
7640.77
8212.87
9197.54
9400.89
 6707.7
9794.32
7555.56
7473.47
7473.37
8766.85
5972.09
7029.21
4732.41
5358.34
6480.94
5664.44
7913.83
6442.21
8532.49
8774.28
10403.6
6641.28
7505.55
8419.79
6846.07
8697.86
8152.55
8029.47
8487.01
7318.08
7166.54
   3827
8019.52
9149.01
   3830
5021.07
5844.54
7912.39
9422.01
7640.43
   3836
5385.47
6584.43
8530.35
18249.1
13814.3
13052.3
  16525
17184.5
18075.8
11529.1
11988.3
12616.4
10774.3
11822.6
9057.91
11263.4
13317.9
  19873
19924.4
13197.9
11759.4
10216.3
11814.5
11947.9
16087.9
19190.1
19124.7
19216.8
14437.2
12929.8
  11495
13598.7
  12260
9509.63
9706.62
10920.2
9513.99
9636.45
9541.09
9451.88
18696.9
 7198.7
13138.9
11407.5
18755.4
20140.8
5624.04
6585.91
 8247.8
5584.05
5585.45
   3888
5657.61
5598.93
5607.37
12199.5
11995.4
15581.8
12804.6
13045.5
6114.18
7068.43
 8708.7
6244.94
6288.21
11867.6
19950.3
9431.43
10759.6
7150.45
5133.03
6728.17
9032.49
 5236.2
   3911
 9911.4
12355.2
4636.83
7093.08
10186.8
   3917
   3918
   3919
   3920
12756.4
5075.64
6149.15
   8339
9035.02
10710.2
5134.07
   3928
12683.4
17697.2
9777.88
16608.9
6529.91
10955.8
11448.5
11060.2
9597.55
11876.7
9939.32
12451.7
20202.6
10398.7
10646.4
10910.1
5383.78
6314.43
8315.75
11668.4
11102.2
8960.82
19608.6
6686.04
8097.28
9424.66
6905.26
6799.18
   3957
19517.8
11943.7
14463.9
12718.4
14655.9
11095.6
7585.41
20392.2
4234.23
4972.33
5916.16
   3969
   3970
   3971
  13841
9614.52
10618.9
12114.9
11997.3
19851.3
13202.5
  10964
11875.2
16677.5
6979.88
13219.5
10237.8
10908.2
13578.2
7841.38
8574.76
10729.2
20136.1
17806.9
13039.6
11671.7
12831.7
5425.52
9842.72
10460.3
10304.9
  11269
12214.7

