#iterations:     92636
estimated error: 2.20369e-016
CgSolver for ACTIVSg2000(T) Succeed!
Compute time: 0 ms
Solve time: 60031 ms

Total time: 60031 ms

l1Norm norm: 42.0323
Euclidean norm: 3.77464
infinityNorm norm: 1.49916
x:1.56087e+007
1.58752e+007
 1.5664e+007
1.56255e+007
1.57316e+007
1.57451e+007
1.58557e+007
1.56299e+007
1.56336e+007
1.58635e+007
1.58871e+007
 1.5459e+007
1.57131e+007
1.56907e+007
1.58776e+007
1.57596e+007
1.56661e+007
1.56824e+007
1.56148e+007
1.56679e+007
1.56712e+007
1.56628e+007
1.56631e+007
1.56886e+007
1.56903e+007
1.57019e+007
1.56929e+007
1.56557e+007
 1.5709e+007
1.57521e+007
1.57984e+007
1.56197e+007
1.55462e+007
1.57609e+007
1.57675e+007
1.56653e+007
1.56401e+007
1.56605e+007
1.56577e+007
1.56691e+007
 1.5756e+007
1.57669e+007
1.57665e+007
1.55941e+007
1.56309e+007
1.55952e+007
1.56864e+007
1.56927e+007
1.56976e+007
1.56886e+007
1.56907e+007
1.56882e+007
1.56071e+007
1.57252e+007
1.56766e+007
1.57224e+007
1.57346e+007
 1.5623e+007
1.56615e+007
1.56547e+007
 1.5727e+007
1.57579e+007
1.57373e+007
1.56181e+007
1.57536e+007
1.57607e+007
 1.5753e+007
1.57425e+007
1.56294e+007
 1.5626e+007
1.55998e+007
1.55989e+007
1.56005e+007
   1.56e+007
1.55994e+007
 1.5605e+007
1.56124e+007
1.56116e+007
1.55012e+007
1.56126e+007
1.55786e+007
1.56488e+007
1.56791e+007
1.56555e+007
1.56961e+007
1.57145e+007
1.55935e+007
1.57009e+007
1.57053e+007
1.56853e+007
1.57174e+007
1.57619e+007
1.57354e+007
1.57687e+007
1.57372e+007
1.57375e+007
1.57386e+007
1.57491e+007
1.56939e+007
1.57255e+007
1.57847e+007
1.56004e+007
1.56098e+007
1.55827e+007
1.57188e+007
1.58238e+007
1.58256e+007
1.56094e+007
1.56187e+007
1.56105e+007
1.56914e+007
1.57155e+007
1.57434e+007
1.57158e+007
1.57117e+007
1.56839e+007
1.56112e+007
 1.5772e+007
1.57202e+007
1.57236e+007
1.57832e+007
1.57518e+007
1.57438e+007
1.58007e+007
1.58288e+007
1.57705e+007
1.56943e+007
 1.5821e+007
1.57772e+007
1.58015e+007
1.57562e+007
1.55986e+007
1.55829e+007
1.58289e+007
1.57951e+007
1.56981e+007
1.58258e+007
1.57798e+007
1.57504e+007
1.57552e+007
1.58032e+007
1.57734e+007
 1.5662e+007
1.57498e+007
1.56687e+007
1.56808e+007
1.56761e+007
1.56604e+007
1.55935e+007
1.55725e+007
1.57828e+007
 1.5773e+007
1.57756e+007
1.58183e+007
1.57641e+007
1.58141e+007
 1.5751e+007
1.56857e+007
1.56814e+007
1.58055e+007
1.56744e+007
1.56766e+007
1.57875e+007
1.57289e+007
1.57366e+007
1.57657e+007
1.57339e+007
1.58242e+007
1.58273e+007
 1.5777e+007
1.57965e+007
1.57878e+007
1.57068e+007
1.57224e+007
 1.5727e+007
1.57149e+007
1.58022e+007
1.57441e+007
  1.568e+007
1.56909e+007
1.57817e+007
1.57842e+007
1.58005e+007
1.56208e+007
1.56301e+007
1.56253e+007
1.56246e+007
1.56283e+007
1.57054e+007
1.56272e+007
1.56241e+007
1.57358e+007
1.57541e+007
1.57372e+007
1.57376e+007
1.57387e+007
1.57965e+007
1.57608e+007
1.57338e+007
1.57263e+007
1.58236e+007
1.57055e+007
1.57378e+007
 1.5712e+007
1.57259e+007
1.57068e+007
1.57051e+007
1.57054e+007
1.56947e+007
1.57038e+007
1.57056e+007
1.57679e+007
1.57607e+007
1.55906e+007
1.58005e+007
1.57739e+007
1.58062e+007
1.56039e+007
1.56109e+007
1.57961e+007
1.57329e+007
1.57228e+007
1.57579e+007
1.58207e+007
1.40786e+007
1.41327e+007
1.56539e+007
1.56607e+007
1.42735e+007
1.56841e+007
1.56523e+007
1.55156e+007
1.55792e+007
1.43524e+007
1.42829e+007
1.42617e+007
1.56512e+007
1.44685e+007
1.56676e+007
1.56362e+007
1.56362e+007
1.54989e+007
1.55224e+007
1.55008e+007
1.56881e+007
1.57043e+007
1.56985e+007
1.55457e+007
1.50949e+007
 1.5573e+007
1.56028e+007
 1.5572e+007
1.50372e+007
1.55686e+007
1.56161e+007
1.56492e+007
1.57416e+007
1.57496e+007
1.52187e+007
1.53404e+007
 1.5592e+007
1.56701e+007
1.55897e+007
1.56017e+007
1.55463e+007
1.56478e+007
1.55613e+007
1.55568e+007
1.55523e+007
1.55221e+007
1.56291e+007
  1.549e+007
1.56922e+007
1.52301e+007
1.52636e+007
 1.4252e+007
1.55604e+007
1.56041e+007
1.55591e+007
1.55596e+007
1.55599e+007
1.55574e+007
1.56438e+007
1.55618e+007
1.55601e+007
 1.5558e+007
1.55591e+007
1.56459e+007
 1.5659e+007
1.53855e+007
1.56531e+007
1.56536e+007
1.56149e+007
1.56351e+007
1.56295e+007
1.55706e+007
1.43486e+007
1.43231e+007
1.55966e+007
1.43608e+007
1.56424e+007
1.55901e+007
1.56571e+007
1.56693e+007
1.55865e+007
1.55574e+007
1.56196e+007
1.55559e+007
 1.5682e+007
1.56971e+007
1.57011e+007
1.55641e+007
1.55644e+007
 1.5584e+007
1.56066e+007
1.55624e+007
1.43263e+007
1.56488e+007
1.56562e+007
1.56291e+007
1.56421e+007
1.56303e+007
 1.5644e+007
1.56265e+007
1.47941e+007
1.56118e+007
1.56469e+007
1.46982e+007
1.47213e+007
1.47091e+007
1.41919e+007
1.48933e+007
1.56509e+007
1.56635e+007
 1.5652e+007
1.56728e+007
1.56729e+007
1.55379e+007
1.57367e+007
1.57488e+007
1.57571e+007
1.57526e+007
1.44119e+007
1.44071e+007
1.56615e+007
 1.5661e+007
1.43493e+007
1.42781e+007
1.56171e+007
1.42708e+007
1.56579e+007
 1.5679e+007
1.56483e+007
1.56553e+007
1.56331e+007
1.55963e+007
1.56184e+007
1.56627e+007
1.57126e+007
1.57428e+007
1.56411e+007
1.55732e+007
1.56215e+007
1.56007e+007
1.56539e+007
1.55279e+007
1.55549e+007
1.55826e+007
1.56704e+007
1.55844e+007
1.49903e+007
1.43932e+007
1.42531e+007
1.42633e+007
1.42579e+007
1.41047e+007
1.42695e+007
1.39566e+007
1.40417e+007
1.40394e+007
 1.4169e+007
1.42371e+007
1.42653e+007
1.44114e+007
1.44219e+007
1.38904e+007
1.39452e+007
 1.3684e+007
1.42394e+007
1.39371e+007
 1.4276e+007
1.42461e+007
1.39299e+007
1.37779e+007
1.38254e+007
1.37401e+007
1.42649e+007
1.30105e+007
1.30862e+007
1.29732e+007
1.41724e+007
1.40225e+007
1.41687e+007
1.42628e+007
1.39079e+007
1.41371e+007
1.37509e+007
1.36366e+007
1.41494e+007
1.41856e+007
1.41923e+007
1.42431e+007
1.42375e+007
1.42556e+007
1.42684e+007
1.42791e+007
1.42623e+007
1.42345e+007
 1.4192e+007
1.41872e+007
1.39943e+007
1.39895e+007
1.40668e+007
1.36995e+007
1.39019e+007
1.38044e+007
1.38673e+007
1.38029e+007
1.38039e+007
1.38024e+007
1.38015e+007
1.38017e+007
1.38008e+007
   1.39e+007
1.39102e+007
1.42687e+007
1.42183e+007
1.42716e+007
1.39047e+007
1.40421e+007
1.40856e+007
1.39071e+007
1.41527e+007
1.41791e+007
 1.4159e+007
1.41542e+007
1.41535e+007
 1.3907e+007
1.42164e+007
1.39495e+007
1.39468e+007
1.39424e+007
1.39429e+007
1.39449e+007
1.39454e+007
1.41776e+007
1.39365e+007
1.42594e+007
1.42724e+007
1.43315e+007
1.42886e+007
1.42852e+007
 1.4294e+007
1.42802e+007
1.42884e+007
1.43026e+007
1.42904e+007
1.42955e+007
1.38857e+007
1.39065e+007
1.41639e+007
1.41174e+007
1.42727e+007
1.38972e+007
1.38939e+007
  1.412e+007
1.42586e+007
1.38735e+007
1.39236e+007
 1.4184e+007
 1.4241e+007
1.40603e+007
1.41833e+007
1.41887e+007
1.41869e+007
1.41879e+007
1.38442e+007
1.40405e+007
 1.4252e+007
1.39077e+007
 1.4239e+007
1.42585e+007
 1.3941e+007
1.41345e+007
1.36005e+007
 1.4091e+007
1.40143e+007
1.42084e+007
1.42077e+007
1.41961e+007
1.40494e+007
1.40682e+007
1.40556e+007
1.40553e+007
1.40551e+007
1.40569e+007
1.40564e+007
1.40527e+007
1.39831e+007
1.40077e+007
1.40369e+007
1.40052e+007
1.41173e+007
1.39979e+007
1.38908e+007
1.41051e+007
1.41315e+007
1.41154e+007
1.36028e+007
1.39161e+007
1.40191e+007
1.40435e+007
1.40113e+007
1.42447e+007
1.42287e+007
1.39257e+007
 1.4241e+007
1.38617e+007
1.38965e+007
1.38576e+007
 1.3855e+007
1.38563e+007
1.38747e+007
1.42337e+007
1.40399e+007
1.40296e+007
1.42723e+007
1.38991e+007
 1.3927e+007
 1.3894e+007
1.41563e+007
1.38525e+007
1.32757e+007
1.40176e+007
1.41835e+007
1.42015e+007
1.42028e+007
1.35285e+007
1.41818e+007
1.39089e+007
1.37379e+007
1.36573e+007
1.40232e+007
 1.4141e+007
 1.4224e+007
1.42604e+007
1.42214e+007
1.44274e+007
 1.4169e+007
1.41848e+007
1.41192e+007
 1.4034e+007
1.40603e+007
 1.3908e+007
1.41954e+007
1.57752e+007
1.55871e+007
1.56124e+007
1.57763e+007
1.57485e+007
1.55913e+007
1.57849e+007
1.57697e+007
1.52504e+007
1.57545e+007
1.53815e+007
1.58214e+007
1.56951e+007
1.57365e+007
1.57685e+007
1.56305e+007
1.56491e+007
1.56314e+007
1.56496e+007
1.56915e+007
1.56528e+007
1.52451e+007
1.56643e+007
 1.5738e+007
1.57459e+007
1.57574e+007
1.51278e+007
1.57375e+007
1.57626e+007
1.57585e+007
1.56884e+007
1.57142e+007
1.56977e+007
1.56941e+007
1.56809e+007
1.56805e+007
1.56828e+007
  1.568e+007
1.56818e+007
1.56801e+007
1.57767e+007
1.57239e+007
1.55185e+007
1.55242e+007
1.56139e+007
1.56855e+007
 1.5699e+007
1.57407e+007
1.56961e+007
1.57555e+007
1.57702e+007
1.53272e+007
1.56429e+007
 1.5655e+007
1.56445e+007
1.56374e+007
 1.5637e+007
1.57029e+007
1.57804e+007
 1.5865e+007
1.56946e+007
 1.5735e+007
 1.5696e+007
1.57051e+007
 1.5684e+007
1.56842e+007
1.56841e+007
1.57695e+007
1.52877e+007
1.57716e+007
1.53893e+007
1.57966e+007
1.51832e+007
1.57871e+007
1.58253e+007
1.57611e+007
1.53366e+007
1.52473e+007
1.50362e+007
1.57635e+007
1.57198e+007
1.57563e+007
1.57592e+007
1.57576e+007
1.56453e+007
1.55261e+007
 1.5537e+007
1.57756e+007
1.56206e+007
1.57236e+007
1.57551e+007
1.55691e+007
1.57857e+007
1.57622e+007
1.57506e+007
1.57438e+007
1.57769e+007
1.57536e+007
1.54081e+007
1.57188e+007
1.57627e+007
1.57315e+007
1.57865e+007
1.58113e+007
1.58105e+007
1.57464e+007
1.57462e+007
1.56818e+007
1.57836e+007
1.55305e+007
1.57825e+007
1.57314e+007
1.57671e+007
1.57794e+007
1.57584e+007
1.55136e+007
1.56788e+007
 1.5299e+007
1.53627e+007
1.57754e+007
1.47685e+007
1.46489e+007
1.57439e+007
1.57827e+007
 1.5454e+007
1.57708e+007
1.52116e+007
1.57689e+007
1.49482e+007
1.49814e+007
1.55893e+007
1.56219e+007
1.56533e+007
1.57932e+007
1.53298e+007
1.53296e+007
1.57907e+007
1.52494e+007
1.57913e+007
1.51963e+007
1.57425e+007
1.54042e+007
1.57545e+007
1.57628e+007
1.57924e+007
1.57827e+007
1.57812e+007
1.56725e+007
1.54993e+007
1.57688e+007
1.57039e+007
1.55327e+007
1.56375e+007
1.54159e+007
1.57524e+007
1.57511e+007
1.48274e+007
1.57491e+007
1.57716e+007
1.54416e+007
1.50015e+007
1.57098e+007
1.57402e+007
1.57006e+007
1.57197e+007
1.57881e+007
1.56497e+007
1.56465e+007
1.55978e+007
1.57242e+007
1.57718e+007
1.55649e+007
1.57518e+007
1.56679e+007
1.57505e+007
1.57677e+007
1.54892e+007
1.55186e+007
1.57738e+007
1.52731e+007
 1.5793e+007
1.57713e+007
1.57452e+007
1.57189e+007
 1.5684e+007
1.57847e+007
1.57681e+007
1.56924e+007
  1.549e+007
1.49797e+007
1.49667e+007
1.57542e+007
1.57684e+007
1.56514e+007
 1.5667e+007
1.56513e+007
1.57503e+007
1.56923e+007
1.53113e+007
1.56218e+007
1.57853e+007
1.56625e+007
1.56782e+007
1.56579e+007
1.56587e+007
1.56584e+007
1.55491e+007
1.57587e+007
1.54063e+007
1.57193e+007
1.57695e+007
1.57636e+007
1.57813e+007
1.57554e+007
 1.5763e+007
1.57648e+007
1.57309e+007
1.57983e+007
1.50336e+007
1.56758e+007
1.53723e+007
1.57888e+007
1.57738e+007
1.53098e+007
1.57732e+007
 1.5739e+007
1.57576e+007
1.57719e+007
1.54617e+007
1.57677e+007
 1.5767e+007
1.57665e+007
1.49943e+007
1.56308e+007
1.56552e+007
1.56301e+007
1.50076e+007
1.50841e+007
1.50705e+007
1.51209e+007
1.50042e+007
1.57472e+007
1.57815e+007
1.55514e+007
1.55431e+007
1.57616e+007
1.57113e+007
1.57395e+007
1.57643e+007
1.57813e+007
1.57737e+007
1.57586e+007
1.56951e+007
1.56652e+007
 1.5652e+007
1.57672e+007
1.57728e+007
1.55605e+007
1.55572e+007
1.55341e+007
1.55377e+007
1.56611e+007
 1.5747e+007
1.57538e+007
 1.5275e+007
1.58075e+007
1.56833e+007
1.54704e+007
1.49421e+007
1.57714e+007
1.57897e+007
 1.5747e+007
1.54309e+007
 1.5268e+007
1.57883e+007
1.49953e+007
1.49888e+007
1.50078e+007
1.49815e+007
1.49827e+007
1.49902e+007
1.57678e+007
1.57818e+007
1.55135e+007
1.57616e+007
1.58022e+007
1.57804e+007
1.55493e+007
1.57523e+007
1.57282e+007
1.56621e+007
1.57839e+007
1.57155e+007
1.57449e+007
1.57229e+007
1.57115e+007
1.57076e+007
1.57088e+007
1.57086e+007
1.57128e+007
1.57126e+007
1.57152e+007
1.57515e+007
1.57093e+007
1.57851e+007
1.57553e+007
1.57772e+007
1.57661e+007
 1.5784e+007
 1.5737e+007
1.57243e+007
1.53808e+007
 1.5779e+007
1.57619e+007
1.55724e+007
1.56119e+007
1.55724e+007
1.55748e+007
1.55726e+007
1.57028e+007
1.57459e+007
1.56828e+007
1.56898e+007
1.56957e+007
1.53649e+007
 1.5295e+007
 1.5761e+007
1.57511e+007
1.57896e+007
1.57636e+007
1.57401e+007
1.55159e+007
1.57829e+007
 1.5754e+007
1.56745e+007
1.56979e+007
1.57786e+007
1.57747e+007
1.57811e+007
1.58171e+007
1.57813e+007
1.57897e+007
1.56049e+007
1.57439e+007
 1.5553e+007
1.56696e+007
1.57499e+007
1.57099e+007
 1.5743e+007
1.57591e+007
1.57506e+007
1.57706e+007
1.56927e+007
1.57746e+007
1.57644e+007
1.51151e+007
1.52026e+007
 1.5101e+007
1.56715e+007
1.56904e+007
1.56746e+007
1.56693e+007
1.56687e+007
1.56687e+007
1.56686e+007
1.56692e+007
1.56686e+007
1.57663e+007
1.57256e+007
1.57868e+007
1.57792e+007
1.57339e+007
1.57442e+007
1.57505e+007
1.50582e+007
1.53426e+007
1.57689e+007
1.55729e+007
1.55972e+007
1.55662e+007
1.55589e+007
  1.569e+007
1.57205e+007
1.57731e+007
1.57623e+007
1.53784e+007
1.54035e+007
1.49504e+007
1.48894e+007
 1.4947e+007
1.54726e+007
1.55641e+007
1.55665e+007
1.55952e+007
1.56398e+007
1.57277e+007
1.55624e+007
1.57667e+007
1.55854e+007
1.56271e+007
1.55781e+007
1.55804e+007
1.55804e+007
1.55782e+007
1.54707e+007
1.57758e+007
1.57543e+007
1.50004e+007
 1.5006e+007
1.57697e+007
1.56056e+007
1.56341e+007
1.56041e+007
1.56039e+007
1.56038e+007
1.56049e+007
1.56029e+007
1.57457e+007
1.57723e+007
 1.5787e+007
1.57937e+007
1.58068e+007
1.57656e+007
1.56474e+007
1.57052e+007
1.57522e+007
 1.5764e+007
1.57265e+007
1.57649e+007
1.57201e+007
1.57703e+007
1.57517e+007
1.56281e+007
 1.5781e+007
1.54547e+007
1.57547e+007
1.56209e+007
1.57687e+007
1.57291e+007
1.57585e+007
1.57482e+007
1.56202e+007
1.56718e+007
1.53319e+007
1.57444e+007
1.57034e+007
1.57367e+007
1.57986e+007
1.50687e+007
1.51039e+007
1.57034e+007
1.57544e+007
1.58112e+007
1.54576e+007
1.57683e+007
1.49284e+007
1.48403e+007
1.49277e+007
1.50679e+007
1.57592e+007
1.57781e+007
1.57196e+007
1.57622e+007
  1.525e+007
1.57749e+007
1.57608e+007
1.57523e+007
1.53446e+007
1.56462e+007
1.57271e+007
1.56347e+007
1.55189e+007
1.57387e+007
1.55495e+007
1.50376e+007
1.57705e+007
1.56823e+007
1.57093e+007
1.57221e+007
1.57839e+007
1.57544e+007
1.54558e+007
1.55464e+007
1.40002e+007
1.40445e+007
 1.4416e+007
1.39742e+007
1.39788e+007
 1.4414e+007
1.44168e+007
1.44135e+007
 1.4412e+007
1.44139e+007
1.39795e+007
1.41128e+007
1.40275e+007
1.39812e+007
1.40042e+007
1.40245e+007
1.40031e+007
1.44835e+007
1.44863e+007
1.45029e+007
 1.4426e+007
1.44983e+007
1.45871e+007
1.44908e+007
1.40204e+007
1.40106e+007
1.42148e+007
1.44246e+007
1.36087e+007
1.30562e+007
1.31656e+007
1.45456e+007
1.45722e+007
1.45168e+007
1.45324e+007
1.39453e+007
1.39801e+007
1.43508e+007
1.44054e+007
1.44824e+007
1.43572e+007
1.43472e+007
1.40025e+007
1.40045e+007
1.40315e+007
1.40253e+007
1.40449e+007
1.40388e+007
1.40358e+007
1.40357e+007
1.40281e+007
1.40347e+007
1.40276e+007
1.40313e+007
1.41751e+007
1.39222e+007
1.39594e+007
1.39891e+007
1.42015e+007
1.40548e+007
1.45372e+007
1.30311e+007
 1.3176e+007
1.31591e+007
1.47364e+007
1.39776e+007
1.39652e+007
1.39903e+007
1.39747e+007
1.39709e+007
1.39744e+007
1.39799e+007
1.39738e+007
1.39746e+007
1.30837e+007
1.31388e+007
1.31644e+007
1.30676e+007
1.30729e+007
1.30712e+007
1.45571e+007
1.45719e+007
1.45765e+007
1.45677e+007
1.46121e+007
1.45528e+007
 1.4598e+007
1.45717e+007
1.45738e+007
1.45546e+007
1.42804e+007
1.36411e+007
1.40111e+007
1.39971e+007
1.45845e+007
1.40226e+007
 1.4004e+007
1.45444e+007
1.40034e+007
1.39838e+007
1.31772e+007
1.33903e+007
1.36778e+007
1.31699e+007
1.31654e+007
1.31705e+007
1.46386e+007
1.43119e+007
1.44521e+007
  1.463e+007
1.46287e+007
1.39763e+007
1.44906e+007
1.40328e+007
1.40157e+007
1.45048e+007
1.38433e+007
 1.4407e+007
1.44909e+007
1.45453e+007
1.40103e+007
1.29998e+007
1.45377e+007
1.40212e+007
1.39038e+007
1.43937e+007
1.46107e+007
 1.4028e+007
1.40889e+007
1.43488e+007
1.41536e+007
1.45061e+007
1.38383e+007
1.47352e+007
 1.3123e+007
1.46143e+007
1.45289e+007
1.41308e+007
1.41108e+007
1.47936e+007
1.38364e+007
   1.39e+007
1.39485e+007
1.38408e+007
1.38198e+007
1.38201e+007
1.38283e+007
1.38372e+007
1.38321e+007
1.40466e+007
1.33926e+007
1.39755e+007
1.39476e+007
1.43788e+007
 1.3981e+007
1.45798e+007
1.40919e+007
1.31003e+007
1.40082e+007
1.44919e+007
1.38203e+007
1.39308e+007
1.39672e+007
1.38129e+007
 1.3813e+007
1.38152e+007
1.38136e+007
1.40327e+007
1.37983e+007
1.39252e+007
1.39678e+007
 1.3106e+007
1.32199e+007
1.40038e+007
1.44915e+007
1.43146e+007
1.39695e+007
1.40101e+007
1.40386e+007
1.39382e+007
1.44022e+007
1.40363e+007
1.37095e+007
1.44999e+007
 1.4497e+007
1.45075e+007
1.45108e+007
1.28441e+007
1.29492e+007
1.36324e+007
1.40166e+007
1.37764e+007
1.37457e+007
1.43758e+007
1.30375e+007
1.42154e+007
 1.3913e+007
1.39842e+007
1.40116e+007
1.40008e+007
1.40365e+007
1.39496e+007
1.40167e+007
1.40096e+007
1.44525e+007
1.37363e+007
1.45383e+007
1.45602e+007
1.40229e+007
1.44758e+007
1.44972e+007
1.45124e+007
1.44776e+007
1.44712e+007
1.44749e+007
1.44733e+007
1.45426e+007
1.42547e+007
1.45093e+007
1.39949e+007
1.37739e+007
1.44057e+007
1.44371e+007
1.45421e+007
1.40088e+007
1.42295e+007
1.44645e+007
1.39611e+007
 1.4123e+007
1.42487e+007
1.43526e+007
1.43764e+007
1.45215e+007
1.39658e+007
1.39651e+007
1.39975e+007
1.46734e+007
1.44782e+007
1.37464e+007
1.38251e+007
1.39106e+007
1.37465e+007
1.37421e+007
1.37387e+007
1.37397e+007
1.37415e+007
 1.3744e+007
1.37422e+007
1.37417e+007
1.40138e+007
1.42452e+007
1.44664e+007
 1.3355e+007
1.43897e+007
1.44161e+007
 1.4472e+007
1.43871e+007
1.43857e+007
1.43918e+007
1.43867e+007
1.40341e+007
1.46642e+007
1.35324e+007
1.35598e+007
1.32823e+007
1.33102e+007
1.33365e+007
1.33095e+007
1.33396e+007
1.33116e+007
1.32948e+007
1.32997e+007
 1.3306e+007
1.33213e+007
1.39945e+007
1.40299e+007
1.41007e+007
1.41938e+007
 1.3943e+007
1.39692e+007
1.40072e+007
1.45622e+007
1.39923e+007
1.39839e+007
1.40885e+007
 1.4145e+007
 1.3953e+007
1.39995e+007
1.45092e+007
1.45557e+007
1.40444e+007
 1.4401e+007
1.43943e+007
1.43731e+007
1.43992e+007
1.43991e+007
1.43965e+007
1.39307e+007
1.39465e+007
1.39809e+007
1.39331e+007
1.39103e+007
1.39238e+007
1.39133e+007
  1.391e+007
1.45098e+007
1.40056e+007
1.39767e+007
1.40275e+007
1.39785e+007
1.32422e+007
1.39674e+007
1.44854e+007
1.40512e+007
1.45891e+007
1.49077e+007
1.48724e+007
1.48198e+007
1.47738e+007
1.39793e+007
1.37261e+007
1.37832e+007
1.40021e+007
1.39784e+007
1.47533e+007
1.36478e+007
1.30995e+007
1.41466e+007
1.34747e+007
1.44939e+007
1.45575e+007
1.40308e+007
1.39162e+007
1.39533e+007
1.39991e+007
1.41221e+007
 1.4017e+007
1.45567e+007
1.43188e+007
1.38694e+007
1.30853e+007
1.45688e+007
1.45297e+007
1.45552e+007
1.44934e+007
1.39823e+007
1.40255e+007
1.40775e+007
1.43746e+007
1.44607e+007
1.45017e+007
1.40104e+007
1.45683e+007
1.45106e+007
1.45485e+007
1.40398e+007
 1.4147e+007
1.46424e+007
1.45133e+007
1.46672e+007
1.27653e+007
1.26689e+007
1.26855e+007
1.27164e+007
1.26673e+007
1.26674e+007
1.26675e+007
1.26678e+007
1.26676e+007
1.29356e+007
1.29206e+007
1.27121e+007
1.28252e+007
1.27442e+007
1.27641e+007
1.27439e+007
1.27575e+007
 1.2823e+007
 1.2907e+007
1.30114e+007
1.28148e+007
1.27993e+007
1.28085e+007
1.28121e+007
1.28286e+007
1.27113e+007
1.28282e+007
1.27244e+007
1.27127e+007
1.29594e+007
1.26661e+007
1.27118e+007
1.27119e+007
1.27375e+007
1.28905e+007
1.29067e+007
1.26775e+007
1.26541e+007
1.26956e+007
1.27232e+007
1.27574e+007
1.26972e+007
  1.282e+007
1.28148e+007
1.26773e+007
1.26794e+007
1.27119e+007
1.26986e+007
1.27631e+007
1.29201e+007
1.27719e+007
1.27119e+007
1.26574e+007
1.27806e+007
1.27136e+007
1.28259e+007
1.28801e+007
1.22383e+007
1.23674e+007
1.24728e+007
1.21986e+007
1.22017e+007
1.22218e+007
1.22084e+007
1.22052e+007
1.22025e+007
1.28067e+007
  1.222e+007
1.23606e+007
  1.273e+007
1.22412e+007
1.27076e+007
1.26701e+007
1.26995e+007
1.27265e+007
1.26492e+007
1.26757e+007
1.27206e+007
 1.2646e+007
1.26453e+007
1.26449e+007
1.26461e+007
1.26646e+007
1.26958e+007
1.26268e+007
1.27483e+007
 1.2692e+007
1.27096e+007
1.27608e+007
1.29212e+007
1.27471e+007
1.27339e+007
1.27429e+007
1.27621e+007
1.09212e+007
1.12589e+007
1.14206e+007
  2.001e+006
1.06794e+007
1.27343e+007
1.27113e+007
1.28397e+007
1.27363e+007
1.26657e+007
1.26708e+007
1.27102e+007
1.26639e+007
1.26681e+007
1.26675e+007
1.26636e+007
1.26636e+007
1.26644e+007
1.26635e+007
1.26646e+007
1.26645e+007
1.27304e+007
1.27924e+007
1.28228e+007
 1.2734e+007
1.27543e+007
1.27711e+007
1.27716e+007
1.21624e+007
1.27343e+007
1.25982e+007
1.26381e+007
1.26706e+007
1.29302e+007
1.25673e+007
 1.2662e+007
1.26884e+007
1.27115e+007
1.26644e+007
1.26572e+007
 1.2656e+007
1.26553e+007
1.26553e+007
1.26571e+007
  1.266e+007
1.26602e+007
1.26608e+007
1.26605e+007
1.28388e+007
 1.2728e+007
1.28035e+007
1.28096e+007
1.27176e+007
1.27924e+007
1.26272e+007
1.30036e+007
  1.299e+007
1.27271e+007
1.17071e+007
1.28563e+007
1.27306e+007
1.27803e+007
1.28146e+007
1.28046e+007
1.27477e+007
1.27523e+007
1.27793e+007
1.27409e+007
1.27435e+007
  1.274e+007
1.27407e+007
1.27431e+007
 1.2742e+007
1.27401e+007
1.27416e+007
1.27332e+007
1.26582e+007
1.26853e+007
1.28111e+007
 1.2729e+007
1.27779e+007
1.27795e+007
1.28199e+007
1.28028e+007
  1.271e+007
1.27425e+007
1.27967e+007
1.27671e+007
1.27359e+007
1.26135e+007
1.26373e+007
1.25146e+007
1.26233e+007
1.27007e+007
 1.2517e+007
1.25156e+007
 1.2517e+007
 1.2517e+007
1.25161e+007
1.25098e+007
1.25096e+007
 1.2511e+007
1.25112e+007
1.28208e+007
1.27508e+007
1.27915e+007
1.28182e+007
1.29825e+007
1.24464e+007
1.26482e+007
1.26691e+007
1.27138e+007
1.26502e+007
1.26464e+007
1.26464e+007
1.26467e+007
1.26468e+007
1.26456e+007
1.27065e+007
1.27375e+007
1.28823e+007
1.27415e+007
1.27532e+007
 1.2974e+007
1.25127e+007
1.27321e+007
1.27289e+007
 1.2741e+007
1.27958e+007
1.27382e+007
1.27936e+007
 1.2736e+007
1.27055e+007
1.27013e+007
1.27251e+007
1.25768e+007
1.27205e+007
1.26958e+007
 1.2922e+007
1.28323e+007
1.28343e+007
1.28245e+007
1.26466e+007
1.27699e+007
1.27525e+007
1.27353e+007
 1.2754e+007
1.28022e+007
1.27716e+007
1.26853e+007
1.28213e+007
1.28052e+007
1.24633e+007
 1.2745e+007
1.27499e+007
1.27289e+007
1.28858e+007
1.25139e+007
1.25686e+007
1.29673e+007
1.27108e+007
1.27204e+007
1.27269e+007
 1.2726e+007
1.27376e+007
1.27509e+007
1.16956e+007
1.18033e+007
1.26563e+007
1.26689e+007
1.27086e+007
1.26513e+007
1.26501e+007
1.26544e+007
1.26508e+007
1.26522e+007
1.28193e+007
1.27261e+007
1.27059e+007
1.30226e+007
1.30846e+007
1.27586e+007
1.26972e+007
1.27012e+007
1.27306e+007
1.27096e+007
1.27115e+007
1.26812e+007
1.27139e+007
1.27026e+007
1.26821e+007
1.26834e+007
 1.2683e+007
1.26832e+007
1.26769e+007
1.28591e+007
1.28178e+007
1.27873e+007
1.27047e+007
1.27219e+007
1.28142e+007
 1.2755e+007
1.27317e+007
1.27636e+007
1.25501e+007
1.28849e+007
1.27356e+007
1.20155e+007
 1.2556e+007
1.17686e+007
1.21794e+007
1.23632e+007
1.17467e+007
1.17481e+007
1.17715e+007
1.17307e+007
1.17554e+007
1.24908e+007
1.25213e+007
  1.296e+007
1.27946e+007
1.27226e+007
1.27144e+007
1.27436e+007
1.28154e+007
1.25746e+007
1.25369e+007
1.26053e+007
 1.2558e+007
1.25522e+007
 1.2552e+007
1.25636e+007
1.22883e+007
1.23453e+007
1.22785e+007
 1.2736e+007
1.26653e+007
1.26753e+007
1.27188e+007
1.26686e+007
1.26639e+007
1.27061e+007
1.28066e+007
1.27411e+007
1.24097e+007
1.28325e+007
1.22966e+007
1.26076e+007
1.26873e+007
1.27802e+007
1.27364e+007
1.25818e+007
1.26058e+007
1.26438e+007
1.25799e+007
 1.2579e+007
1.25784e+007
1.25788e+007
1.25781e+007
1.25788e+007
1.25788e+007
1.25793e+007
1.25856e+007
1.25795e+007
1.25806e+007
1.25801e+007
1.25819e+007
1.27486e+007
1.26977e+007
1.26422e+007
1.27709e+007
1.26699e+007
1.27049e+007
1.27399e+007
1.26697e+007
1.26695e+007
1.26695e+007
1.26696e+007
1.26685e+007
1.26697e+007
1.26673e+007
1.26673e+007
1.26679e+007
1.26674e+007
1.26675e+007
1.26288e+007
1.27763e+007
1.27443e+007
1.26714e+007
1.27378e+007
1.27782e+007
1.27324e+007
1.27879e+007
1.27555e+007
1.29009e+007
1.29545e+007
1.29502e+007
1.27497e+007
1.24924e+007
1.27943e+007
1.27773e+007
 1.2738e+007
 1.2639e+007
 1.2729e+007
1.27199e+007
1.26651e+007
1.26692e+007
 1.2726e+007
1.27259e+007
1.28035e+007
1.27074e+007
1.23083e+007
1.23955e+007
1.24642e+007
 1.2655e+007
1.27269e+007
1.28657e+007
1.26087e+007
1.24471e+007
1.26834e+007
1.27126e+007
1.27823e+007
1.27298e+007
1.27235e+007
1.27147e+007
1.28354e+007
1.29202e+007
1.26175e+007
1.26512e+007
1.26981e+007
1.28161e+007
 1.2213e+007
1.27581e+007
1.25609e+007
1.24426e+007
  1.251e+007
1.28903e+007
1.49295e+007
 1.5165e+007
1.57993e+007
1.50816e+007
1.49798e+007
1.50394e+007
1.57242e+007
1.57486e+007
1.58274e+007
1.30388e+007
1.52153e+007
   1.56e+007
1.31443e+007
 1.5855e+007
1.52537e+007
1.53158e+007
1.36079e+007
1.57555e+007
1.56784e+007
1.57584e+007
1.58185e+007
 1.5551e+007
  1.547e+007
1.51149e+007
1.50182e+007
  1.563e+007
1.58454e+007
1.57418e+007
1.58212e+007
1.58464e+007
1.30237e+007
1.30313e+007
1.31609e+007
1.30256e+007
1.30252e+007
 1.3025e+007
1.30251e+007
1.50736e+007
1.57786e+007
1.58427e+007
1.57485e+007
1.55563e+007
1.53116e+007
 1.5469e+007
1.55077e+007
1.55685e+007
 1.5467e+007
1.54703e+007
1.54713e+007
1.54676e+007
 1.5471e+007
1.54699e+007
1.57834e+007
1.57995e+007
1.56415e+007
1.56233e+007
1.57921e+007
1.55022e+007
1.54816e+007
1.55358e+007
1.55033e+007
1.55035e+007
1.55707e+007
1.54978e+007
1.55488e+007
1.57096e+007
1.57763e+007
1.54128e+007
1.52964e+007
1.52811e+007
1.54144e+007
1.54039e+007
1.56706e+007
1.58495e+007
 1.5577e+007
1.55454e+007
1.55644e+007
1.55734e+007
1.55736e+007
1.55739e+007
1.55737e+007
1.58185e+007
1.48948e+007
1.50499e+007
1.51904e+007
1.52002e+007
1.52219e+007
1.48958e+007
1.48883e+007
1.57829e+007
1.56143e+007
1.56318e+007
1.56384e+007
1.57512e+007
1.34359e+007
1.35263e+007
1.58233e+007
1.54661e+007
 1.5567e+007
1.54095e+007
1.57766e+007
1.53759e+007
1.45685e+007
1.52488e+007
1.31078e+007
1.57209e+007
1.57568e+007
1.57571e+007
 1.5843e+007
1.57261e+007
 1.5807e+007
1.52294e+007
1.55356e+007
1.55464e+007
1.55793e+007
1.55405e+007
 1.5537e+007
1.55328e+007
1.54096e+007
1.55702e+007
1.36533e+007
1.56371e+007
1.36487e+007
1.57169e+007
1.57832e+007
1.53991e+007
1.56986e+007
1.57035e+007
1.57271e+007
1.56918e+007
1.56887e+007
 1.5691e+007
1.56251e+007
1.56407e+007
1.56983e+007
1.57738e+007
1.58346e+007
1.52383e+007
1.57935e+007
1.34601e+007
1.35531e+007
1.39621e+007
1.57751e+007
1.34192e+007
1.55797e+007
1.58065e+007
1.58333e+007
1.55499e+007
1.55997e+007
 1.5703e+007
1.53652e+007
1.55686e+007
1.35841e+007
 1.5832e+007
1.58125e+007
1.49314e+007
1.42884e+007
1.45232e+007
1.31828e+007
1.34595e+007
1.35439e+007
     34269.1
      134236
     49751.2
     59633.7
     24713.9
     10536.9
      119922
     40346.2
     40187.9
      131372
      131525
    -27609.1
     52258.8
     51939.7
      133322
     28322.1
     39861.1
     44077.3
     33166.6
     19902.9
     16972.4
     48078.1
     26438.3
     44117.7
     21907.8
     14113.8
     37480.6
       51259
     45258.5
     98391.4
     93514.3
     16982.5
     2933.36
     22627.6
     11857.9
     23694.7
     36184.2
     55611.3
     57553.5
     41648.4
     25934.6
     26372.6
     15646.3
     26073.8
     37617.5
     37664.6
     40951.1
     41899.2
     41547.5
     40821.2
       32173
     40715.5
     27003.3
     46833.9
     52504.6
     38916.8
     39781.8
     38453.5
     43595.8
     40545.1
     28626.1
     30388.4
     29504.5
     35990.1
     25613.9
     14364.8
     26058.1
       32279
     44105.3
     65769.1
     33072.8
       27463
     18850.2
     21006.6
     23968.5
     32972.3
     33641.5
     13306.8
      107000
     13276.5
     21161.5
     52426.7
     61248.2
     22450.1
     44751.1
     53392.2
     26719.6
     28839.5
     55499.5
     43163.2
      135940
      150793
      182897
      197726
      184619
      185106
      183912
      155380
      234930
     82153.4
     77818.6
      259766
      256100
      253416
      208444
      145330
      236297
      218006
      234770
      224833
     91166.7
      129141
      144028
     46010.3
     63877.3
       83206
      254333
      155188
     95471.2
      190154
      185594
      103205
      151205
      198585
      227370
     79633.1
     84427.4
      144953
      195052
      133106
      149673
      261220
      255653
      227268
      183736
     90437.6
      227385
      203154
      115329
     60118.6
      183034
      114568
      244764
      124331
     90461.1
       87017
     89778.5
     57939.6
      260359
      262051
      167760
     44752.2
     20972.6
      221794
      156552
      172760
     77695.1
     77262.2
     56757.8
      233950
     51959.4
     22440.5
      222013
     72063.7
     63893.2
     64035.6
     71000.4
      113248
     21758.7
     93131.4
      121044
      200869
     79454.4
     1909.02
     81501.5
       80585
      128200
     85864.7
     52421.4
     7763.59
      167089
     80863.5
      211504
      243533
      242847
      242087
      120898
      115144
      132038
      122378
     19439.1
      194245
      196898
      191655
      190743
      191379
      203749
      199609
      111091
     90327.2
      129148
      105176
      103569
      126977
      133985
     38066.7
      130771
     31171.2
      130837
      127919
       29737
      154822
      165043
      253163
      215037
      206430
      191969
      253785
      253007
      207831
      112399
      111494
      118789
      115494
      289426
      303438
     45203.3
     46156.3
      365132
     71562.2
     51886.8
     78283.5
     51750.7
      369847
      305803
      306185
     68999.7
      225609
     42429.4
     49721.4
     33462.3
     29159.2
     31759.3
     36950.8
     99249.7
     36243.4
     76366.2
     39967.8
     97328.2
     74532.1
     76581.3
     36101.8
      290201
     63926.9
     65289.5
     60204.6
     33523.5
     17137.6
       99763
     86219.3
     60860.6
     42257.5
     60456.4
     60169.8
     59900.4
     24131.3
     60629.9
     59978.8
     61048.1
     85173.1
     35688.6
      125198
     80546.4
    -34454.3
    -43613.8
      347134
     50177.9
     55936.2
     39264.1
     22451.5
     22643.8
     38709.7
     17026.5
     14819.6
     19605.6
     35092.9
     25596.3
     34226.5
     12131.7
      101121
     51030.7
     35896.2
     71227.6
     72848.8
     73013.9
     64707.1
      369688
      370761
      101450
      377021
     70784.7
     59127.8
     56879.7
       45162
     37654.4
     54173.7
     42214.5
     17969.9
     40195.3
     15170.4
     42147.8
     74090.5
     85062.8
     83719.5
     81519.1
     21522.3
      370860
     49170.9
     15624.7
     67008.9
       56689
       15973
     66456.7
     75847.8
      138593
     79652.4
     47307.9
      119039
     8692.01
      8690.3
      321782
      349881
     52675.4
     13141.5
     20619.2
     12360.7
     12174.3
     42768.4
     56398.4
     32659.1
     14994.3
     22317.6
      281917
      282706
     42085.5
     29238.3
      385385
      291539
     83917.6
      371093
     45226.8
     41328.4
     40536.9
     20856.4
     79630.6
      106411
       61145
     55090.8
     43873.7
     33599.7
     41039.5
     83108.3
     55546.9
     68241.7
     44333.1
     79191.3
     96256.6
      106809
     57958.6
     70865.6
      327743
      322838
      251977
      139666
      167134
      160022
      246666
      306532
      100439
     50350.4
      143828
      247397
      221513
      139168
      148558
      297280
      108183
      275959
      194450
      120445
      137622
      208335
      300128
      248325
      273188
     95516.6
      247698
      386431
      391991
      209490
      142504
      150934
      148497
      238397
      116043
      275442
      263674
      360740
      201520
      220331
      220910
      241725
      103875
     72966.7
     11655.1
     8460.99
     19403.9
      206412
      143218
     64129.2
      141394
      136836
      129336
      305736
      104959
     77075.3
     95857.4
     20281.3
     23274.1
     15056.1
     20700.8
     17483.8
     20434.5
      115507
     14279.9
      249503
      168982
      238984
      111566
      206316
      205601
      107224
      204573
      214611
      206032
     60647.1
     54052.9
      105345
      230472
     93923.1
      107035
       22480
     24056.1
     41124.4
     47351.3
      181550
      109141
      246929
      110280
      111870
     14737.5
      110711
     12184.3
     28910.3
     15281.4
      112835
     13766.5
      112504
      174271
      105512
      150226
      243299
      257602
      100122
     54983.2
      200620
      239608
     97923.6
      108677
      211411
      182272
      162564
      126393
      137550
     40852.4
     38060.7
      290669
      186396
     90947.2
      107558
      214428
      237732
      113171
      218676
      363207
      239869
      168578
      246805
      110602
      131479
      267042
      270510
      267551
      267240
      271554
      271366
      268000
      273701
      183013
      114560
      141472
     56982.7
      275269
      178939
     98542.1
      167797
      161479
      178477
      292282
      109200
      144606
      119862
      148218
      215505
      201046
      107843
      229728
       84918
      102249
     62582.9
     27811.2
     27178.2
     84182.4
      186933
      106250
      109847
      160267
      101822
      177930
      103540
      248495
      335750
      419662
      296402
      116338
     70894.5
     28354.6
      394880
      147543
      108136
      125399
      233144
      165349
      157612
      114287
      192947
      242942
      228415
      269743
      142787
      152783
      218949
      223725
      321458
      156774
      236737
      358808
      221666
      234678
      206212
      130827
      244129
      239989
      404014
      212402
      227160
      144494
      177592
      212143
      213550
     91936.2
      107015
     25321.4
      206329
      222445
      207950
      307282
      267902
      272233
      274069
      231696
      329242
      226971
      228627
      239356
      196546
      212994
      202273
      196528
       89069
     86317.6
      192673
     67081.6
     94926.2
     80723.1
      234453
      185079
      163547
      183741
      402478
      321896
      180872
      199999
      179159
      216179
      228725
      391019
     89281.9
     92151.4
     89404.5
     47768.9
      350742
      389834
      425901
      450524
      189142
      219508
      191088
      186556
      133702
      125588
      117416
      239288
      297389
      233245
      150992
      236617
      332573
      318464
      359124
      211086
      295544
      335424
      337226
      259866
      211709
      224230
      259622
      269718
      344144
      301358
      304605
      244344
      328152
      311389
      232753
      290503
      217207
      233787
      229951
      293969
      239037
      238260
      230480
      216009
      234232
      278091
      231047
      238905
      234131
      241837
      281799
      144305
      237648
      254687
      207179
      301780
      226647
      234149
      255226
      141257
      121204
      173148
      155608
      242676
      491696
      548078
      224822
      241170
      274391
      250983
      236610
      229735
      299820
      311363
      233887
      156369
      184113
      178988
      276767
      298284
      249018
      321899
      215262
      332678
      231501
      282511
      233475
      235781
      234310
      237603
      248499
      123071
      284984
      232443
      159508
      297888
      169243
      211223
      268884
      242746
      461821
      204170
      246337
      341564
      333374
      189837
      201537
      186473
      192623
      251212
      186986
      184431
      328934
      234218
      232778
      326254
      208992
      127736
      290561
      240741
      296119
      298723
      241139
      306438
      240474
      253474
      212148
      345118
     98162.6
      237114
      249278
      193018
      273911
      318333
      323100
      244755
      218874
     90813.1
      109115
       59845
      261210
      155317
      346081
      304370
      235543
      110637
      126648
     51507.6
     93724.2
       75482
      267913
      244863
      352793
      300671
      237687
      248967
      209670
      251259
      239042
      213315
      271076
      204757
      337217
      325731
      387711
      235925
      231771
      236631
      301517
      234947
      246374
      250748
      248563
      255269
      236205
      229601
      336063
     84840.8
     61928.1
     56371.4
      220985
      232673
      267881
      270963
     77039.3
      243186
      244949
      244860
      284054
      230696
      232630
      237365
      244310
      247116
      227236
      227592
      169293
      323306
      322797
      243221
      233657
      212612
      236165
      163070
      224016
      189637
      221576
      247351
      315651
      188455
      419090
      316137
      376640
      251341
      227463
      259573
      373218
      324351
      217845
      344257
      306422
      318634
      307441
      304989
      311447
      221018
      130626
      223788
      266302
      190465
      238462
      311418
      241488
      234353
      243842
      242634
      220788
      222038
      222205
      220135
      215991
      220503
      215454
     88276.1
      119820
      216126
      230726
      230397
      216463
      229473
      244004
      242737
      244804
      229691
      221950
      287626
      210135
      248622
      206612
      232470
     66238.8
      208905
     69263.6
      208670
      227314
      201095
     91457.3
      206608
      345751
      320493
      246875
      233627
      229818
      241037
      295460
      117438
      237123
      232442
      116843
      251201
      237474
      249257
      213205
     11082.5
     49486.8
      248994
      329965
      265787
      138027
      355078
      235054
      203497
      225658
      246539
      246297
      261854
      376104
      239263
      229395
      310678
      313749
      196813
      101541
      105054
      101535
     80328.5
       40014
     36177.2
     36729.7
     53765.8
     34612.1
      217574
      242081
      243895
      250317
      233403
      269214
      238080
      341119
      307107
      246510
      251845
      281225
      116368
      249229
      215398
      227216
      240595
      260193
      267955
      277006
      371831
      440734
      449083
      300117
      104679
     91836.3
      112532
      102523
      109860
      116461
      231348
      210482
      231353
      206547
      209714
      207313
      210462
      291797
      224555
      267574
      296942
      330576
      230451
      121129
      153401
     40090.6
     39587.4
     44429.4
     46248.9
      119708
      215493
      229430
      226874
      227322
      224276
      235072
      335047
      338709
      231422
      245559
      219501
      237430
      202870
      241328
      223591
      205148
      241412
      332415
      253959
      295173
      257131
      248788
      254572
      260224
      531136
      429235
      311377
      278585
      214695
      235354
      218891
      272704
      284706
      280958
      209825
      138377
      181476
      233805
      381213
      457294
      468167
      331319
      247950
      242815
      212032
      210200
      313384
      243751
      249895
      268591
      310880
      182480
      107381
      252041
      318577
      314818
      363019
      333878
      241166
      213275
      284997
      268084
      255053
      231130
      130905
      297938
      289737
      271443
      153674
      371808
      455373
     56645.8
      158711
     48394.2
     30281.1
     42733.8
      266958
      484892
      282378
      467520
      293093
      276943
      266811
      328888
      345857
      216294
      377401
      396667
      389096
      404263
      286417
      276036
      480619
      341850
      408504
      399935
      344360
      346400
      296628
      346055
      359199
      247109
      261829
      320578
      324401
      352402
       32533
     23197.4
      260040
      271992
      220331
      242641
      274252
      218016
      223408
      223227
      218204
      217352
      218509
     33621.2
      299977
      213428
      232373
      244942
      329105
      287554
      376219
      342805
      421220
      441667
      392876
      193492
      225663
      253731
     96646.7
     42104.6
      121916
      192361
     73795.9
     73782.8
      296271
      366560
      409877
      119780
      253275
      185935
      171212
     14253.4
     8266.38
      388100
      402210
      390877
      405300
      391737
      395561
      394621
      337881
      414970
      268130
      267631
      409207
      432024
      267771
      370861
      281149
      319743
      342093
      390688
      453700
      329361
      332601
      335785
      227659
      433865
      470787
      111135
      112129
      298915
      354589
      283675
      272042
      423170
      468475
      420112
      387496
      391467
      276859
      606471
      358300
      261423
      327017
      340242
      555476
      291618
      290643
      335469
      305466
      351656
      533148
      455423
      404379
      411641
      351917
      294881
      432633
      447888
      205566
      233319
      260780
      205771
     69930.7
     72394.7
     82447.8
      205033
      252437
      280444
      584323
      262902
      266545
      294910
      287892
      181511
      292301
      498191
      272901
      346163
      220040
      251664
      262217
     79954.2
     72206.4
      166494
     90790.6
      280370
      211681
      242471
      254671
      382521
      322436
      274038
      354538
      321962
      255911
      266300
      274231
      329417
      442278
      285568
      489106
      351226
      354688
      384711
      383763
      462927
      494102
      563116
      268506
      518917
      543560
      338074
      388773
      407354
      227664
      261462
      266670
      273815
      281966
      367701
      275514
      272198
      333999
      522321
      331698
      389849
      276279
      192441
      215388
      202376
     14773.3
     22180.1
     75837.7
     35566.4
      355903
      328690
      376164
      263904
      359608
      314511
      325973
      376958
      273637
      313059
      336513
      241258
      296865
      323444
      334600
      300960
      350994
      229598
      242529
      259023
      524450
      352550
      185705
      246026
      268025
     24070.4
     54146.9
     63621.4
     74642.1
      141726
      116781
     59440.3
     42391.4
      276426
      330456
      241432
      417279
      193400
      248752
      318346
     51635.1
     29407.1
      195341
     58154.4
      287615
      397486
      360451
      352191
      291759
     16048.7
     8755.85
       20174
     8397.87
      293991
      289476
      294908
      293269
     10773.3
      277714
      296991
      293913
      314657
      249129
      274369
      283963
      270445
      309358
      272459
      284125
      290482
      254551
      272062
      367779
      389321
      279685
      168202
      240902
      294641
     79288.1
     92745.2
     36684.5
      224092
      235538
      240533
      223231
      220703
      220155
      224532
      220870
      359880
      280398
      256972
      267844
      264757
      472368
      270093
      348174
      279670
      379286
      329898
      353097
      387056
      396435
      270916
      312553
      335411
      275859
      276569
      489609
      608671
      572965
      300229
      417557
      365505
      397654
      273193
      229511
      246621
      261533
      293488
      277696
      527507
      319404
      429816
      447111
      300306
      361649
      381131
      358329
      183204
      179234
      165368
      456331
      398942
      395603
      272010
      394589
      373320
      379959
      289835
      304515
      443434
      259404
      174609
      675331
      103171
      164716
      209041
     26355.7
     44815.2
     30225.3
     28579.6
     26076.6
      415524
      393105
      359766
      308335
      262218
      263028
      228147
      293078
      566480
      470332
      417134
      564717
      576493
      569142
      582642
      574033
      258253
      308198
      283041
      591052
      499634
      595764
      590552
      590874
      590006
      390640
      385026
      274118
      263166
      284285
      225415
      247681
      583476
      517424
      602103
      205826
      586448
      264449
      292466
      312218
      391743
      270352
      252561
      203714
      253626
      256112
      332377
      348983
      768759
      716393
      720217
      758407
      763747
      232789
      755399
      759887
      765485
      289868
      479307
      466904
      256072
      825194
      254305
      225289
      237211
      220614
      147322
      176134
      199693
     30249.4
     24198.4
     24267.3
     29378.3
      230184
      244137
      319297
      256414
      266204
      375463
      294306
      381794
      270110
      265939
      275061
      281142
1.04535e+006
      916312
      909373
1.15095e+006
      628093
      249811
      293574
      307747
      255297
     97436.7
      176285
      202130
     98396.5
     14389.7
     16717.8
     29866.6
     29206.7
     45737.2
     25432.8
     48519.5
     48633.5
      373818
      289271
      301129
      248069
      288773
      300266
      295762
      857557
      259443
      121255
      236380
      249364
      405553
      716553
      111772
      184353
      237772
      114545
      114455
      114201
      114901
      111057
      111648
      110826
      113664
      112398
      110484
      314770
      237739
      298476
      292074
      273603
      276333
      713119
      505703
      469378
      263448
      908366
      324772
      261468
      272256
      295057
      276571
      252503
      262297
      274621
      247789
     82981.9
      246055
      249808
     71288.8
     59437.9
      248934
      245546
      163361
      248889
      254734
      273998
      241131
      285208
      283942
      296273
      284790
      279271
      267598
      292903
      422207
      285805
      168723
      184848
      164225
      208709
      245275
      164685
     20118.8
      165128
     27663.3
      165988
     62185.1
     54117.5
     97453.2
      149633
      318523
      252765
      295694
      318508
      423931
      513750
      127005
      163024
      203778
      127856
     56206.1
       81065
     24864.7
     34142.1
     22522.2
      284982
      247589
      348899
      268620
      263305
      417351
      430309
      275832
      274399
      257520
      293362
      263859
      305705
      259146
      242965
      282798
      280026
      408642
      230973
      260487
      410310
      301783
      361393
      319257
      419362
      247864
      224046
      272642
      280910
      294935
      253054
      288736
      300359
      307572
      475580
      278996
      258896
      259200
      370306
      316265
      343281
      450318
      251377
      252734
      261162
      254158
      259258
      230498
      806148
      796685
      127295
      167787
      210777
      128789
      129832
      128254
      129820
      125804
      357910
      257183
      269366
      395431
      392083
      273669
      694771
      182126
      205505
      182788
      182461
      177695
      228237
      176607
      174507
      177176
      173773
      177104
      174057
      325821
      290566
      281970
      296163
      215005
      292668
      290879
      251557
      271776
      434108
      364593
      240939
      703401
      667096
      601753
      469724
      449684
      608414
      597749
      617074
      607533
      301261
      370291
      408839
      388003
      336167
      244954
      276689
      248144
      302112
      382658
      365097
      354928
      373249
      371847
      373247
      374502
      374088
      403091
     67941.2
      267225
      145879
      180315
      228207
      143262
      104364
      274258
      676883
      251476
      445535
      371432
      367732
      306313
      334227
      271549
      245027
     92731.2
      159214
      190111
     74601.9
     33284.2
     26058.1
     27500.8
     36946.3
     64653.5
     64136.6
     67812.2
     13431.5
     22592.6
     47765.5
     30201.4
     20192.1
      275583
      306829
      397418
      261820
      103998
      181988
      221245
     24615.3
     20235.1
     23803.6
     25231.3
      102625
     30352.5
     28804.8
     31190.1
     39451.5
     32364.2
     34850.4
      349641
      268281
      247779
      212076
      264411
      295980
      282740
      262798
      281007
      397469
      450884
      435726
      225943
      581718
      272636
      278924
      292106
      377977
      244656
      255190
      130008
      178337
      220668
      242519
      296393
      244108
      729207
      712803
      783971
      285098
      300492
      331276
      325613
      447120
      654002
      599310
      600551
      269839
      267162
      252472
      350284
      380613
      375814
      306810
      294400
      310515
      636197
      290163
      284912
      381953
      394409
      356416
      877771
      636968
      440851
      780405
      909340
      936294
      418537
      423367
      415462
      465600
      539084
      352284
      526745
      415567
      908979
      940378
      693996
      410239
      382401
      411782
      392325
      683380
      843382
      962388
      934741
      580024
      418701
      409731
      453609
      390081
      479701
      481930
      531992
      475928
      482837
      478427
      473836
      877523
      224073
      419963
      396088
      820892
      955151
      264876
      290119
      330484
      260643
      261054
       82026
      264844
      260547
      262630
      414374
      401574
      587924
      515391
      441040
      318128
      333857
      363796
      322972
      324793
      476753
      897454
      385880
      387025
      212589
      236574
      331790
      423009
      238778
      158632
      365326
      388567
      105172
      247225
      391187
     47676.2
     46305.5
     57945.9
       50781
      421285
      296033
      327509
      387081
      412275
      482924
      297433
      242390
      432337
      699997
      364480
      634793
      192664
      599126
      614798
      346738
      432591
      481507
      431716
      428728
      944791
      551650
      485859
      487308
      165875
      185870
      249927
      382053
      393049
      278031
      954718
      323074
      367219
      407463
      325430
      326159
      237999
      871295
      473988
      765612
      518825
      765073
      395287
      238649
      944613
      136731
      159561
      181555
      147531
       64238
      116600
      521884
      379432
      395981
      416666
      368258
      969407
      447388
      596640
      637452
      894607
      203848
      679315
      400888
      329731
      450857
      335059
      348316
      387503
      922289
      735085
      690223
      378013
      425412
      321626
      610902
      571705
      549647
      623042
      655661

