NICSLUSolver for D:/vscode project/MatrixSolver/datasets/add20.mtx and D:/vscode project/MatrixSolver/datasets/add20_b.mtx Solving Succeed!
analysis time: 0.0044633
best ordering method: AMD
factor time: 0.0005471
solve time: 4.37e-05
residual RMSE: 7.53259e-26

-2.5915e-13
4.52418e-13
-3.90866e-12
8.06483e-13
-8.15546e-12
-2.5687e-14
2.44449e-09
-2.5062e-10
-4.89707e-13
2.34673e-13
-2.29881e-12
1.11279e-12
-2.99803e-13
-6.52152e-13
-6.94926e-13
-7.04633e-13
-3.50672e-13
-2.70661e-13
-4.87068e-13
-2.8954e-12
6.38554e-13
-3.42469e-13
-1.11179e-12
7.59629e-13
-4.01789e-12
1.0082e-12
-1.51519e-11
-1.11308e-11
-8.15538e-12
-1.78038e-13
-1.17471e-13
-1.56654e-13
2.44358e-09
-2.55225e-10
-8.1555e-12
-8.15533e-12
-4.10619e-13
2.44578e-09
-2.32646e-10
-2.4264e-13
-5.75814e-13
-1.66595e-12
-3.10717e-13
-9.62995e-14
-1.09075e-11
-4.33337e-13
-1.51754e-12
-2.54154e-13
-6.94454e-13
-5.19487e-13
-1.85145e-11
-9.74057e-13
-3.93365e-12
-2.65318e-12
1.13314e-12
-5.53721e-14
-3.70426e-13
-1.50577e-11
-1.57036e-11
-1.09628e-12
-1.84872e-11
-1.43881e-11
-3.34507e-12
2.44638e-09
-2.15504e-10
-1.19421e-13
-4.14843e-13
-1.05441e-12
-8.60755e-14
-4.51992e-13
-1.36991e-13
-1.38689e-13
-1.05325e-13
-1.49258e-13
-9.98058e-14
-6.13578e-13
-2.24967e-13
-7.2079e-13
-1.12173e-12
-8.22967e-12
-1.70506e-13
-6.1808e-13
-1.685e-12
-3.38853e-13
-1.53308e-12
-8.39257e-13
-6.99468e-14
-2.00903e-11
-1.13913e-12
-4.16847e-12
-1.15602e-12
4.35562e-13
-2.08676e-10
-1.01066e-11
-8.44416e-13
-1.41783e-11
-2.87606e-12
-1.69709e-12
-1.61226e-11
-1.68688e-11
-1.02632e-12
-1.96561e-11
2.48755e-09
-1.68239e-13
-2.91214e-13
-1.03663e-13
-2.03105e-13
-1.23695e-13
-1.0097e-12
-2.68686e-13
-1.52794e-12
-1.14685e-11
-3.1498e-13
-1.24832e-13
-1.35931e-13
-7.99461e-14
-3.89427e-13
-3.85172e-13
-8.92908e-14
-4.68917e-13
-7.74913e-13
-8.29297e-13
-1.93888e-12
-2.11991e-13
-1.2097e-12
-8.22083e-12
-1.76408e-13
-5.99817e-13
-1.97581e-13
-1.0061e-12
-3.05846e-12
-1.13759e-13
-2.45784e-13
-1.06271e-13
-1.01417e-11
5.61968e-12
-2.01146e-12
-3.70858e-13
2.89351e-13
-3.31685e-13
-1.12465e-12
-2.85676e-13
-2.58856e-11
-3.12136e-12
-2.74869e-12
2.48565e-09
-1.98603e-10
-8.22079e-12
-1.70338e-13
-1.97604e-11
-1.38116e-11
-4.38604e-11
-7.16842e-12
-2.63907e-13
-2.74148e-13
-1.77633e-12
-1.06354e-12
-5.89863e-13
-3.98605e-13
-1.16025e-11
-1.19252e-12
-1.07528e-13
-2.63036e-14
-5.54621e-14
-2.54753e-15
-1.03084e-14
-2.04773e-14
-1.58951e-13
-4.35336e-14
-1.31083e-13
-6.56022e-14
-5.62535e-14
-4.95774e-13
-7.30292e-13
-3.26799e-12
-1.51473e-12
-1.85558e-13
-1.1709e-13
-1.353e-13
-1.00858e-13
-4.05052e-13
-1.36106e-13
-5.36324e-13
-5.02726e-13
-3.99651e-12
-2.32233e-11
-2.94149e-11
-1.75762e-11
-2.97061e-13
-1.15119e-12
-2.05501e-13
-3.81963e-13
-9.92014e-14
-3.1267e-12
-6.91272e-13
-6.37523e-14
-1.31318e-13
-5.12097e-12
1.69851e-12
-1.30309e-11
-1.46278e-12
-6.26715e-13
-1.67765e-12
-2.64237e-11
-2.29817e-12
-1.98501e-13
-3.33752e-13
-5.01167e-14
-3.16181e-13
-9.01343e-14
-6.26443e-14
-4.18379e-14
-5.04194e-14
-5.2423e-14
-5.47229e-13
-7.11366e-14
2.45192e-09
-2.88065e-10
-3.76999e-13
-7.41889e-13
-5.70116e-13
-2.69078e-13
-2.39346e-13
-3.809e-14
-1.22609e-13
-5.6035e-13
-3.10894e-13
-6.48864e-13
-1.19314e-12
-5.50733e-13
-1.79217e-11
-3.42913e-12
-9.73609e-14
-2.57564e-12
-9.89968e-14
-1.01291e-13
-2.91228e-13
-4.51905e-14
-1.0436e-13
-1.03936e-13
-1.21399e-13
-5.82173e-13
-2.91968e-13
-1.67376e-12
-3.6727e-13
-2.7653e-11
-2.84755e-12
-2.35234e-13
-1.98875e-12
-2.09419e-13
-6.62096e-14
-1.25656e-11
6.87296e-12
-3.58756e-13
-1.45604e-11
-2.25083e-10
-2.58093e-12
-2.99668e-11
-2.77221e-12
-2.51569e-13
-4.40825e-13
-2.64413e-13
-4.74357e-13
-1.6177e-12
-6.30945e-13
1.48328e-13
-2.03694e-13
-1.65704e-13
-2.48586e-12
-8.62133e-13
-8.60842e-13
-1.56043e-13
-6.30713e-13
-5.37645e-14
-7.35223e-14
-4.42851e-13
-6.78745e-14
-5.34511e-13
-5.43648e-14
-1.70072e-11
-1.34647e-12
-3.46551e-12
-5.45452e-11
4.04149e-13
-9.99468e-14
-3.65272e-12
-1.79274e-12
-7.278e-14
-2.98168e-13
2.46318e-09
-8.24108e-12
-3.95712e-13
-7.61975e-13
-8.24113e-12
-4.07844e-13
-8.79581e-14
-8.93983e-14
2.45805e-09
-3.23695e-10
-1.35155e-10
-6.85528e-11
-3.61681e-12
-3.05511e-11
-9.53117e-10
-1.02076e-09
-4.9041e-10
-1.54474e-08
-2.43346e-09
-2.12774e-09
-1.86102e-10
-1.03024e-10
-3.45326e-10
5.12599e-08
6.34875e-09
-5.06758e-09
-8.24082e-12
-8.11206e-12
-3.99464e-12
-2.06257e-11
-3.08211e-13
-1.56164e-11
-2.12328e-11
-1.76567e-13
-1.51122e-13
-4.26435e-12
-5.2187e-13
-6.48833e-14
-1.52312e-13
-9.66903e-15
-3.43019e-14
-3.28799e-13
-9.00286e-14
-1.46163e-13
-2.28482e-12
-7.96835e-13
-1.65521e-14
-1.43847e-13
-7.50766e-13
-4.21975e-13
-2.04202e-12
-9.9885e-14
-2.54152e-12
-1.07145e-13
-4.96301e-11
-8.36771e-12
-1.59442e-11
-9.90562e-13
-4.60298e-13
-1.31558e-13
-1.06387e-13
-8.07868e-14
-1.22336e-13
-6.95183e-14
-1.70095e-13
-8.27687e-14
-7.95981e-13
-3.80001e-13
-9.14982e-13
-3.2159e-13
-1.46817e-12
-1.71011e-12
-7.57892e-14
-1.7883e-13
-2.34897e-13
-2.3687e-13
-3.39111e-14
-7.09565e-14
-4.22297e-12
-2.4154e-13
-6.23687e-12
-2.641e-11
-2.94621e-11
-9.80904e-12
-1.48419e-12
-1.52852e-12
-2.3092e-13
-3.99578e-12
8.87221e-13
-5.78143e-13
-1.80196e-13
-4.3671e-14
-1.92445e-11
-3.41216e-11
-9.9369e-13
-6.37064e-11
-1.09234e-11
-1.57819e-12
-8.46826e-13
-3.36733e-13
-8.15374e-13
-8.58498e-13
-1.78317e-12
-1.9859e-12
-1.07289e-12
-2.06874e-12
-1.94894e-12
-2.4698e-12
-8.21773e-12
1.56319e-12
-5.11887e-12
2.49649e-09
-3.16965e-10
-7.1427e-11
-1.19814e-11
-7.66113e-13
-9.44148e-13
-5.94632e-13
-2.008e-12
-1.81876e-11
-8.71462e-13
-2.31752e-13
-1.73155e-13
-5.49478e-14
-5.43205e-13
-5.91952e-13
-4.2864e-13
-1.48912e-12
-1.70821e-12
-3.34106e-13
-6.44243e-13
-3.75893e-13
-3.41395e-13
-2.31981e-12
-4.19461e-12
-4.3853e-13
-2.13348e-11
-2.03304e-11
-2.39492e-11
-1.3309e-13
-3.0989e-12
-2.44111e-14
-4.35555e-14
-2.17547e-14
-6.46381e-14
-1.04418e-13
-2.30802e-14
-4.5729e-14
-3.1191e-14
-1.76327e-13
-2.6715e-14
-2.33492e-14
-2.26366e-13
-3.11267e-12
-4.81123e-13
-1.03006e-13
-1.80712e-14
-1.46639e-12
-4.05637e-14
-8.02184e-14
-4.87801e-14
-1.37701e-13
-3.51221e-14
-1.44989e-13
-1.90253e-13
-1.56435e-13
-4.95575e-13
-7.06689e-13
-5.43949e-13
-7.61226e-13
-2.84832e-12
-6.92609e-13
-2.67499e-11
-3.09924e-12
-1.45134e-13
-2.04514e-11
-1.4569e-11
-9.09027e-12
-1.32928e-12
-6.94736e-12
-4.86285e-13
-1.55089e-12
-3.51876e-13
-1.57871e-13
-1.30365e-13
-8.9199e-13
-2.01223e-13
-1.76354e-13
-2.39463e-13
-2.5269e-13
-2.58869e-13
-5.33184e-24
-9.51e-17
-2.58749e-13
-3.90348e-12
-1.32424e-15
-5.11788e-22
-3.90493e-12
-8.15472e-12
-2.58294e-14
1.00051e-15
-8.15729e-12
2.44577e-09
-2.52932e-10
1.23499e-19
2.44285e-09
-4.89282e-13
-2.20224e-23
-1.66487e-16
-4.88881e-13
-2.29548e-12
-7.99572e-16
-3.22147e-22
-2.29642e-12
-3.88766e-15
-3.01553e-13
-6.47727e-13
-4.53307e-15
-1.20853e-15
-6.44585e-13
-3.4609e-13
-3.3425e-15
-5.37812e-15
-3.51971e-13
-1.64897e-16
-2.89314e-12
-6.93965e-13
-7.04525e-22
-2.57046e-16
-6.93866e-13
-3.25565e-15
-3.40887e-13
-1.1106e-12
-7.46704e-22
-4.05323e-16
-1.11002e-12
-4.01233e-12
-1.36514e-15
-5.29374e-22
-4.01412e-12
-1.51013e-11
-1.11413e-11
-1.74083e-13
-1.52262e-11
-8.15463e-12
-1.77884e-13
1.00136e-15
-8.15721e-12
-1.17514e-13
-1.57051e-13
-3.71509e-17
-1.17389e-13
2.44486e-09
-2.57535e-10
1.23453e-19
2.44194e-09
-8.15476e-12
-2.70871e-13
1.00062e-15
-8.15733e-12
-8.15458e-12
-4.10502e-13
1.00055e-15
-8.15715e-12
2.44707e-09
-2.34962e-10
1.23682e-19
2.44414e-09
-2.45469e-13
-5.72204e-13
-3.45579e-15
-2.4129e-13
-2.40643e-13
-1.91536e-15
-1.26788e-15
-9.62837e-14
-1.66799e-12
-2.83948e-15
-1.11752e-16
-1.66455e-12
-6.69118e-15
-2.52665e-13
-6.8523e-13
-6.50979e-15
-7.76151e-15
-6.92042e-13
-6.60749e-13
-1.85364e-11
-9.78672e-13
-4.82058e-15
-9.50698e-15
-9.68652e-13
-2.64953e-12
-9.19958e-16
-3.55871e-22
-2.6507e-12
-5.54616e-14
-3.69988e-13
-1.18948e-17
-5.53835e-14
-1.20672e-13
-1.48983e-11
-1.54947e-11
-6.62811e-14
-1.51542e-11
-1.58975e-11
-1.43434e-11
-1.0916e-11
-1.62478e-13
-1.44539e-11
2.44766e-09
-2.17824e-10
1.23563e-19
2.44474e-09
-1.194e-13
-1.09596e-12
-2.6062e-16
-1.19582e-13
-1.19268e-13
-2.18599e-17
-4.0597e-17
-1.38686e-13
-1.05138e-13
-9.20465e-16
-1.38944e-13
-1.05477e-13
-2.89278e-16
-1.37095e-13
-9.91579e-14
-6.88975e-16
-1.36919e-13
-1.00395e-13
-1.15045e-14
-7.11337e-13
-2.02872e-15
-8.53842e-14
-1.12262e-12
-6.14597e-13
-5.14147e-17
-1.12017e-12
-1.70197e-13
-6.18237e-13
-5.15121e-17
-1.70578e-13
-1.68781e-12
-2.89758e-15
-8.77921e-17
-1.68402e-12
-6.64406e-15
-3.34987e-13
-6.23793e-17
-7.03402e-14
-7.15257e-13
-2.01125e-11
-1.14416e-12
-5.23085e-15
-1.06049e-14
-1.13132e-12
-1.15456e-12
-3.9535e-16
-1.47909e-22
-1.15508e-12
-4.9063e-13
-1.0223e-11
-8.47894e-13
-3.69217e-15
-6.87738e-15
-8.38483e-13
-6.26733e-13
-1.42944e-11
-1.6958e-12
-8.38803e-13
-1.75902e-15
-1.69922e-12
-1.28904e-13
-1.59379e-11
-1.6627e-11
-7.10194e-14
-1.62269e-11
-1.70772e-11
2.48884e-09
-2.11026e-10
1.25678e-19
2.48579e-09
-5.10674e-17
-2.91188e-13
-1.03401e-13
-8.83086e-16
-2.91438e-13
-1.03867e-13
-3.38666e-16
-1.68354e-13
-1.23127e-13
-9.63358e-16
-1.68054e-13
-1.24164e-13
-1.52921e-12
-1.01099e-12
-4.26646e-17
-1.52555e-12
-5.41701e-15
-3.10738e-13
-1.24839e-13
-1.36096e-13
-4.23714e-17
-1.24842e-13
-7.99465e-14
-1.02613e-12
-9.67023e-17
-7.99479e-14
-7.99221e-14
-7.79458e-17
-9.77298e-16
-8.94036e-14
-4.70894e-13
-4.85551e-15
-1.61534e-15
-4.68169e-13
-8.12148e-15
-4.28113e-13
-4.69551e-15
-4.12862e-13
-1.93672e-12
-8.5972e-22
-6.58537e-16
-1.936e-12
-1.20878e-12
-8.2926e-13
-1.25381e-15
-1.21122e-12
-8.22006e-12
-1.76189e-13
9.2316e-16
-8.22282e-12
-6.026e-13
-1.00125e-12
-3.73372e-15
-6.04037e-13
-5.91669e-13
-5.34408e-15
-1.13843e-13
-1.97826e-13
-6.11361e-17
-1.13834e-13
-1.13992e-13
-6.31226e-17
-1.01261e-11
-3.58228e-15
-1.33959e-21
-1.01305e-11
-2.77136e-14
-2.00978e-12
-3.25215e-16
-3.34248e-12
-3.70509e-13
-3.66171e-23
-1.30676e-16
-3.70486e-13
-3.29821e-13
-2.82031e-15
-3.90932e-15
-3.28289e-13
-1.21112e-14
-3.12792e-12
-1.55074e-16
-2.74633e-12
2.48693e-09
-2.00953e-10
1.25574e-19
2.48389e-09
-8.22003e-12
-1.70544e-13
9.23087e-16
-8.22281e-12
-1.99371e-11
-2.59344e-11
-8.3133e-14
-1.94773e-11
-1.37509e-11
-8.24863e-12
-1.65683e-13
-1.39071e-11
-4.38816e-11
-7.19176e-12
-2.49873e-16
-4.38213e-11
-2.63748e-13
-1.7756e-12
-2.4961e-16
-2.6417e-13
-1.06287e-12
-5.90352e-13
-9.86928e-17
-1.06191e-12
-1.0658e-12
-2.87763e-15
-4.41905e-15
-1.0804e-13
-2.61247e-14
-3.71407e-16
-1.97186e-16
-2.65876e-14
-2.54402e-15
-1.01954e-14
-3.16662e-18
-2.54884e-15
-2.05064e-14
-1.59123e-13
-8.70212e-18
-2.04939e-14
-4.33784e-14
-1.30941e-13
-1.62285e-17
-4.34283e-14
-4.36668e-14
-2.65065e-17
-4.97103e-13
-7.27267e-13
-3.99791e-15
-5.00212e-13
-4.89342e-13
-4.27458e-15
-6.488e-14
-7.15394e-16
-1.95543e-15
-6.64577e-14
-4.04914e-22
-1.51333e-12
-1.16843e-13
-1.00949e-13
-2.095e-16
-1.17183e-13
-1.17235e-13
-2.29612e-15
-1.36178e-13
-1.35541e-13
-1.23215e-15
-1.35977e-13
-5.34866e-13
-4.2308e-15
-6.06685e-15
-5.30664e-13
-2.50692e-16
-3.9935e-12
-2.343e-11
-2.9482e-11
-9.77851e-14
-2.29152e-11
-1.75071e-11
-1.14879e-11
-2.06685e-13
-1.76774e-11
-2.99366e-13
-1.15228e-12
-1.30479e-15
-2.93239e-13
-2.07831e-13
-3.80869e-13
-9.61357e-17
-2.05313e-13
-2.02922e-13
-1.84078e-15
-3.87773e-13
-6.18138e-15
-4.09253e-15
-3.88516e-13
-1.37611e-14
-3.13392e-12
-2.42476e-13
-2.21161e-15
-3.18082e-15
-2.43707e-13
-5.11395e-12
-1.76355e-15
-6.8287e-22
-5.11617e-12
-6.09442e-15
-1.46582e-12
-6.24429e-13
-4.02266e-15
-7.46114e-15
-6.39189e-13
-1.30871e-11
-2.91133e-13
-8.9465e-14
-1.28867e-11
-2.29456e-12
-5.15908e-17
-1.72809e-14
-2.27453e-12
-3.41191e-15
-1.95925e-13
-5.04069e-14
-3.46846e-16
-7.23929e-16
-4.97922e-14
-2.29024e-17
-6.25449e-14
-2.16019e-17
-5.03049e-14
-3.93136e-13
-3.53942e-15
-2.84069e-15
-3.94787e-13
-1.04353e-12
-1.20138e-14
-8.65809e-15
-1.04325e-12
-7.11755e-14
-6.38926e-14
-1.09659e-17
-7.10514e-14
2.45319e-09
-2.90367e-10
1.24115e-19
2.4503e-09
-3.80352e-13
-7.40486e-13
-1.68309e-15
-3.72123e-13
-6.04413e-15
-5.66507e-13
-2.66139e-13
-1.38419e-15
-5.68505e-13
-2.71792e-13
-3.81943e-14
-4.1868e-14
-2.99095e-16
-3.7935e-14
-1.23628e-13
-2.73353e-13
-5.97541e-16
-1.21146e-13
-5.60377e-13
-6.47349e-13
-9.86889e-17
-5.59622e-13
-5.60941e-13
-1.09277e-14
-5.50322e-13
-3.10752e-13
-5.44173e-15
-5.51365e-13
-5.33181e-15
-3.43215e-12
-9.6719e-14
-6.65785e-16
-3.42879e-12
-9.7917e-14
-9.88524e-14
-1.01128e-13
-2.27063e-15
-9.9637e-14
-9.85006e-14
-6.12899e-16
-4.80031e-17
-4.51695e-14
-1.04414e-13
-1.21152e-13
-1.44235e-16
-1.0439e-13
-1.04227e-13
-1.84892e-15
-1.67235e-12
-9.56149e-17
-7.20088e-15
-1.6817e-12
-6.38428e-15
-2.3395e-13
-1.10683e-16
-1.1235e-12
-5.84617e-13
-2.6314e-15
-4.83129e-15
-5.77136e-13
-2.0659e-13
-1.8945e-15
-1.75663e-15
-2.07765e-13
-1.25474e-11
-4.43535e-15
-1.6471e-21
-1.25531e-11
-6.08094e-15
-3.54135e-13
-1.46274e-11
-3.27753e-13
-1.01652e-13
-1.43981e-11
-2.76784e-12
-6.57717e-17
-2.14117e-14
-2.74352e-12
-4.39681e-15
-2.48349e-13
-2.5785e-12
-2.69691e-22
-8.719e-16
-2.57738e-12
-6.81104e-15
-1.62142e-12
-6.30315e-13
-6.34236e-23
-2.17461e-16
-6.30066e-13
-2.91253e-15
-1.63643e-13
-2.48403e-12
-1.93316e-16
-4.26755e-17
-2.48348e-12
-8.4908e-13
-7.69193e-15
-9.51902e-15
-8.58345e-13
-1.12449e-15
-5.32135e-14
-5.38145e-16
-7.3811e-14
-4.42159e-13
-1.33882e-17
-3.34829e-15
-4.38263e-13
-5.27341e-13
-4.82409e-15
-4.97146e-15
-5.27523e-13
-6.0889e-13
-1.70312e-11
-1.34999e-12
-4.42823e-15
-1.05449e-14
-1.33558e-12
-5.44749e-11
-1.81203e-14
-6.66515e-21
-5.44977e-11
-9.99911e-14
-1.04282e-13
-9.10178e-16
-9.98593e-14
-3.65581e-12
-1.79586e-12
-2.57792e-17
-3.64691e-12
-7.27993e-14
-2.97911e-13
-2.60677e-17
-7.27349e-14
2.46445e-09
-2.27406e-10
1.24666e-19
2.46144e-09
-8.24033e-12
-2.64463e-13
9.61367e-16
-8.24307e-12
-3.99168e-13
-7.6062e-13
-1.80059e-15
-3.90295e-13
-8.24036e-12
-4.07745e-13
9.6074e-16
-8.24312e-12
-8.80233e-14
-2.03854e-13
-6.72663e-18
-8.78322e-14
-8.946e-14
-1.56061e-13
-9.33577e-18
-8.92775e-14
2.45933e-09
-3.25995e-10
1.24443e-19
2.45632e-09
-1.16628e-12
-1.33564e-10
-6.75702e-11
-2.88787e-13
-1.34929e-10
-6.93989e-11
-9.47953e-10
-4.94357e-10
-3.35307e-14
-9.51557e-10
-9.60916e-10
-1.93132e-11
-2.13051e-09
-1.0241e-09
-4.61511e-14
-2.12589e-09
-2.12586e-09
-2.55493e-14
5.14703e-08
-1.56978e-08
6.7048e-18
5.12148e-08
5.10562e-08
9.27901e-11
-8.24006e-12
6.34738e-09
9.61991e-16
-8.2428e-12
-8.21537e-12
-2.04907e-11
-2.61856e-16
-8.09907e-12
-7.99635e-12
-6.82051e-14
-5.00892e-13
-1.16789e-11
-6.84005e-16
-1.7893e-11
-1.5394e-11
-6.61486e-14
-1.79878e-11
-1.58081e-11
-1.74199e-13
-1.68761e-15
-3.97696e-15
-1.81121e-13
-8.26959e-17
-6.49702e-14
-3.73329e-15
-3.62069e-13
-1.50122e-13
-6.42749e-16
-3.66134e-13
-1.54197e-13
-1.61001e-17
-3.28539e-13
-2.42038e-15
-1.44159e-13
-2.28309e-12
-1.98482e-16
-3.85741e-17
-2.28267e-12
-1.66972e-14
-3.42235e-14
-7.42057e-17
-1.63257e-14
-1.43897e-13
-9.01014e-14
-5.23363e-17
-1.43752e-13
-7.47805e-13
-5.35081e-15
-9.4845e-15
-7.66507e-13
-1.38343e-15
-1.00109e-13
-2.24812e-14
-2.527e-12
-1.07218e-13
-1.51444e-13
-1.24213e-17
-1.06996e-13
-4.96545e-11
-8.39414e-12
-3.15298e-16
-4.95862e-11
-6.74256e-13
-1.60404e-11
-9.76849e-13
-9.08806e-15
-7.51489e-15
-9.79366e-13
-4.90465e-17
-4.60344e-13
-8.093e-14
-8.73896e-16
-1.00382e-15
-8.00231e-14
-7.35777e-15
-4.16317e-13
-6.95447e-14
-1.09802e-16
-8.99244e-16
-6.96582e-14
-2.66995e-16
-8.28166e-14
-8.68522e-15
-7.89926e-13
-3.75619e-13
-1.98851e-15
-7.93757e-13
-3.83757e-13
-1.46718e-12
-9.15289e-13
-2.45754e-16
-1.46606e-12
-1.47125e-12
-3.95326e-15
-7.62283e-14
-1.06362e-13
-4.63048e-16
-7.50938e-14
-1.80381e-13
-2.35281e-13
-7.85371e-16
-1.76348e-13
-1.10329e-16
-3.38281e-14
-3.52519e-17
-3.15543e-13
-5.15216e-14
-4.18503e-12
-7.80173e-15
-2.41105e-13
-2.1032e-12
-1.01951e-10
-6.26194e-12
-2.68238e-14
-8.19119e-14
-6.21572e-12
-1.83448e-10
-1.66189e-12
-1.41694e-12
-1.83836e-10
-1.65248e-14
-1.51549e-12
-6.38391e-14
-3.9377e-12
-1.48237e-12
-1.35889e-22
-5.58489e-16
-1.48185e-12
-1.45748e-14
-5.74003e-13
-1.81753e-13
-2.37249e-13
-7.93874e-16
-1.77704e-13
-4.40445e-14
-7.09232e-14
-1.97422e-16
-4.30799e-14
-1.96132e-11
-3.41959e-11
-1.6251e-13
-1.89706e-11
-1.90377e-11
-1.19241e-13
-6.37377e-11
-1.09571e-11
-5.24192e-16
-6.36501e-11
-1.58015e-12
-8.49071e-13
-1.32345e-16
-1.57709e-12
-1.57672e-12
-6.02005e-17
-8.15001e-13
-8.57484e-13
-1.41165e-16
-8.14193e-13
-8.1682e-13
-1.62946e-14
-1.98575e-12
-1.07321e-12
-7.73771e-16
-1.98639e-12
-2.06466e-12
-1.94773e-12
-4.28043e-14
-2.0746e-12
-2.0674e-12
-1.54643e-15
-8.21695e-12
-2.30622e-13
9.00585e-16
-8.21974e-12
-4.2579e-12
-1.47375e-15
-5.90694e-22
-4.2598e-12
-6.12321e-14
-5.06929e-12
2.49775e-09
-3.19285e-10
1.26643e-19
2.49478e-09
-7.14607e-11
-1.20186e-11
-6.35087e-16
-7.13664e-11
-7.63953e-13
-5.95931e-13
-1.97733e-16
-7.6513e-13
-7.69559e-13
-1.68219e-14
-1.85339e-11
-2.78108e-11
-1.53474e-13
-1.79296e-11
-1.79912e-11
-1.12992e-13
-7.32382e-15
-2.31224e-13
-1.70861e-13
-1.64633e-15
-1.81001e-15
-1.71074e-13
-5.41664e-13
-4.29424e-13
-2.45732e-16
-5.42655e-13
-5.45508e-13
-1.18042e-14
-1.7103e-12
-9.46544e-13
-4.32913e-17
-1.70663e-12
-1.70694e-12
-5.78052e-17
-6.43775e-13
-5.91666e-13
-6.35808e-15
-6.45016e-13
-3.41196e-13
-2.31923e-12
-3.15228e-16
-3.41731e-13
-1.36628e-14
-4.37362e-13
-8.24958e-16
-2.13007e-11
-2.01039e-11
-1.0885e-13
-2.14157e-11
-2.05258e-11
-6.34578e-15
-4.19818e-12
-1.32275e-13
-9.57137e-16
-4.19403e-12
-1.33741e-13
-2.43807e-14
-2.17787e-14
-1.72044e-17
-2.43946e-14
-2.44569e-14
-4.89136e-16
-3.75876e-17
-1.04446e-13
-1.20175e-17
-4.5902e-14
-1.08758e-16
-3.15262e-14
-1.77665e-13
-3.74844e-13
-9.30457e-16
-1.7426e-13
-2.67074e-14
-4.36432e-14
-2.55377e-16
-2.67259e-14
-2.33359e-14
-2.30788e-14
-2.27834e-16
-2.33706e-14
-2.31235e-13
-4.80903e-13
-1.92678e-15
-2.23174e-13
-2.23242e-13
-1.97681e-15
-4.04004e-16
-1.03197e-13
-1.5964e-14
-3.1219e-12
-2.23558e-16
-1.46555e-12
-4.06368e-14
-4.87014e-14
-1.09764e-16
-4.06501e-14
-4.03644e-14
-6.12199e-16
-3.51908e-14
-8.0084e-14
-2.84767e-16
-3.49969e-14
-1.44996e-13
-1.56253e-13
-3.33483e-16
-1.45219e-13
-1.44683e-13
-2.48137e-15
-7.03817e-13
-5.5499e-15
-7.5238e-15
-6.98298e-13
-7.53824e-13
-9.19266e-15
-6.993e-15
-7.56292e-13
-1.25141e-14
-2.85524e-12
-3.30321e-16
-3.09656e-12
-1.4531e-13
-1.9055e-13
-1.24793e-15
-1.44809e-13
-2.06335e-11
-2.68004e-11
-8.60785e-14
-2.01597e-11
-1.45084e-11
-9.1083e-12
-1.7269e-13
-1.46645e-11
-1.18887e-15
-2.94387e-11
-1.33029e-12
-1.1278e-15
-2.94563e-11
-1.32803e-12
-4.86149e-13
-3.61513e-12
-1.88418e-16
-4.85764e-13
-4.86882e-13
-9.91413e-16
-3.51647e-13
-1.57689e-13
-1.89731e-16
-3.52303e-13
-1.31613e-13
-2.01077e-13
-1.8842e-16
-1.30414e-13
-1.28684e-13
-1.22472e-15
-2.41286e-13
-8.93037e-13
-1.07187e-15
-2.36205e-13
-2.5431e-13
-3.99498e-12
-1.32871e-15
-2.49794e-13
4.52454e-13
-2.59861e-13
-7.74443e-16
4.52378e-13
8.13843e-13
-3.91338e-12
2.31529e-15
7.95231e-13
-2.52434e-14
-6.75155e-17
5.88743e-17
-2.55954e-14
-2.48341e-10
-5.28306e-13
-1.98609e-12
-2.46497e-10
2.33938e-13
-4.89279e-13
-7.91649e-16
2.35542e-13
1.12254e-12
-2.30923e-12
3.25731e-15
1.09718e-12
-1.8039e-15
-3.00894e-13
-7.05754e-13
-6.53064e-13
-3.40369e-17
-7.02658e-13
-4.86103e-13
-3.50529e-13
-1.33385e-15
-4.88669e-13
-2.50902e-14
-2.84925e-12
6.38923e-13
-6.96513e-13
-1.20256e-15
6.3811e-13
-3.5764e-16
-3.42109e-13
7.59727e-13
-1.11329e-12
-1.16917e-15
7.59687e-13
1.01744e-12
-4.02548e-12
2.90494e-15
9.93868e-13
-1.11015e-11
-2.00629e-15
-1.7294e-13
-1.13151e-11
-1.74979e-13
-1.33673e-15
-5.80742e-16
-1.76408e-13
-1.56015e-13
-2.68333e-15
-2.06563e-15
-1.5508e-13
-2.52906e-10
-5.37145e-13
-2.02148e-12
-2.51028e-10
-2.66006e-13
-2.20477e-15
-4.4748e-16
-2.6829e-13
-4.03595e-13
-3.56278e-15
-1.22381e-15
-4.06833e-13
-2.30527e-10
-4.92515e-13
-1.846e-12
-2.28816e-10
-5.74225e-13
-1.93144e-16
-3.10972e-13
-5.75965e-13
-4.01884e-16
-3.09634e-13
-3.76436e-16
-9.64468e-14
-1.5328e-12
-1.67406e-12
-6.79148e-15
-1.49148e-12
-1.37119e-15
-2.54842e-13
-5.18765e-13
-6.94126e-13
-1.21655e-15
-5.21296e-13
-1.63873e-13
-1.86572e-11
-3.93772e-12
-9.79799e-13
-1.17712e-15
-3.92501e-12
1.1425e-12
-2.66234e-12
3.04493e-15
1.1175e-12
-3.6868e-13
-1.93778e-16
-3.30769e-15
-3.6416e-13
-1.84577e-11
-1.50329e-11
-7.05825e-16
-1.84071e-11
-1.862e-11
-1.60684e-13
-1.08793e-11
-2.22155e-15
-1.60472e-13
-1.10769e-11
-2.13535e-10
-4.59694e-13
-1.71385e-12
-2.1195e-10
-1.07781e-12
-9.99643e-15
-4.57733e-13
-1.08872e-12
-4.11741e-15
-4.44247e-13
-1.48792e-13
-1.38582e-13
-7.17119e-16
-1.49544e-13
-1.4921e-13
-3.26068e-15
-2.25195e-13
-1.37411e-13
-4.70034e-16
-2.24806e-13
-2.24661e-13
-1.15788e-16
4.8534e-17
-7.1892e-13
-9.31697e-17
-8.61834e-14
-6.25948e-13
-2.33082e-14
-5.91007e-15
-6.04388e-13
-6.1599e-13
-4.11314e-16
-6.03879e-15
-6.0874e-13
-1.54878e-12
-1.69402e-12
-6.72797e-15
-1.50665e-12
-7.96145e-16
-3.38585e-13
-1.419e-16
-6.99691e-14
-1.76653e-13
-2.02546e-11
-4.17311e-12
-1.1453e-12
-1.49543e-15
-4.15892e-12
4.39027e-13
-1.16051e-12
1.24157e-15
4.29658e-13
-1.46798e-13
-1.02633e-11
-2.8794e-12
-8.48746e-13
-5.87109e-16
-2.86904e-12
-1.798e-13
-1.43645e-11
-8.26638e-13
-8.57234e-15
-3.82121e-14
-8.63801e-13
-1.96244e-11
-1.60958e-11
-8.83417e-16
-1.95695e-11
-1.9799e-11
-1.72892e-13
-2.06754e-10
-4.47012e-13
-1.66172e-12
-2.0522e-10
-2.03386e-13
-2.89946e-13
-7.33401e-16
-2.02874e-13
-2.02802e-13
-4.02359e-15
-2.68881e-13
-1.68717e-13
-5.32075e-16
-2.68811e-13
-2.68094e-13
-1.22551e-16
-1.0243e-12
-3.34804e-14
-8.90544e-15
-9.93806e-13
-2.74122e-17
-3.14278e-13
-1.35864e-13
-3.9826e-16
-1.70632e-15
-1.34575e-13
-1.00921e-12
-9.26831e-15
-3.89571e-13
-1.01776e-12
-4.05129e-15
-3.79233e-13
-9.71613e-16
-9.00637e-14
-7.76064e-13
-4.6999e-13
-5.00498e-16
-7.73478e-13
-4.40995e-16
-4.3278e-13
-8.10568e-16
-4.14596e-13
-2.14811e-13
-1.93404e-12
-1.012e-15
-2.07528e-13
-8.1674e-13
-8.1017e-15
-2.89715e-14
-8.43386e-13
-1.73447e-13
-1.65941e-15
-4.56534e-16
-1.74639e-13
-1.00319e-12
-3.06319e-16
-3.06333e-12
-1.01476e-12
-1.65951e-16
-3.04904e-12
-1.9705e-13
-4.40795e-16
-1.07239e-13
-1.96731e-13
-1.28847e-15
-1.05209e-13
5.66772e-12
-1.01762e-11
1.52164e-14
5.54413e-12
-7.16062e-15
-2.01452e-12
-2.96149e-14
-3.28891e-12
2.88714e-13
-3.71233e-13
-5.9198e-16
2.89696e-13
-2.85723e-13
-3.3186e-13
-2.34273e-16
-2.8573e-13
-8.48559e-14
-3.14103e-12
-2.39122e-14
-2.7014e-12
-1.9678e-10
-4.21963e-13
-1.57728e-12
-1.95319e-10
-1.67281e-13
-1.38211e-15
-2.11123e-16
-1.68505e-13
-2.59907e-11
-1.43936e-13
-8.15209e-16
-2.58118e-11
-8.20825e-12
-2.04488e-15
-1.44186e-13
-8.38577e-12
-7.3087e-12
-1.37041e-13
-6.38423e-14
-7.0535e-12
-1.74724e-12
-1.51752e-14
-1.91808e-14
-1.75195e-12
-5.85193e-13
-9.27463e-15
-1.18299e-12
-5.9331e-13
-3.53797e-14
-1.20497e-12
-1.05576e-15
-1.08635e-13
-5.50639e-14
-2.63401e-14
-2.62538e-17
-5.54352e-14
-1.00548e-14
-1.33148e-16
-3.64886e-16
-1.04679e-14
-1.58096e-13
1.40329e-17
-1.6026e-15
-1.56297e-13
-1.3077e-13
3.64966e-17
-5.65191e-14
-1.29928e-13
-5.74904e-16
-5.57015e-14
-7.28458e-13
-3.87197e-17
-3.27326e-12
-7.40155e-13
-1.24845e-16
-3.25913e-12
-1.85147e-13
-6.5612e-14
-5.67879e-16
-1.8618e-13
-1.24773e-14
-1.48995e-12
-1.00698e-13
-1.26969e-16
-4.04995e-13
-1.01266e-13
-9.21864e-16
-4.05226e-13
-1.35358e-13
-3.00369e-15
-1.19651e-15
-1.3611e-13
-5.03348e-13
-5.36756e-13
-6.54579e-16
-5.02401e-13
-3.49037e-14
-3.93337e-12
-2.95513e-11
-1.76067e-13
-1.24685e-15
-2.93326e-11
-1.14394e-11
-2.91213e-15
-1.75895e-13
-1.1656e-11
-1.16354e-12
-3.49356e-14
-3.74201e-17
-1.14666e-12
-3.81877e-13
-9.91058e-16
-9.92517e-14
-3.8157e-13
-9.95477e-17
-9.9019e-14
-6.91763e-13
-3.90244e-13
-6.50754e-16
-6.90602e-13
-9.30448e-14
-3.1539e-12
-1.31022e-13
-2.45639e-13
-4.8135e-16
-1.3177e-13
1.71325e-12
-5.13139e-12
4.55829e-15
1.67835e-12
-4.18477e-14
-1.47392e-12
-1.67533e-12
-6.26963e-13
-3.48349e-15
-1.68064e-12
-2.6478e-11
-1.30907e-11
-4.87312e-16
-2.63253e-11
-3.33361e-13
-2.29669e-12
-6.11439e-16
-3.3443e-13
-1.83339e-16
-1.98104e-13
-9.00236e-14
-5.02112e-14
-1.37487e-16
-8.98276e-14
-7.42968e-16
-6.19383e-14
-5.88667e-16
-4.96937e-14
-5.24009e-14
-3.98354e-13
-1.69547e-16
-5.24194e-14
-5.47839e-13
-1.05478e-12
-3.76131e-16
-5.46124e-13
-6.38945e-14
-1.40984e-15
-5.99047e-16
-6.31609e-14
-2.85454e-10
-6.05925e-13
-2.28133e-12
-2.83334e-10
-7.41046e-13
-9.22665e-16
-3.03953e-16
-7.3993e-13
-2.3978e-13
-5.70412e-13
-5.99109e-16
-2.3879e-13
-2.38623e-13
-7.12905e-17
-4.18675e-14
-3.32791e-16
-1.77359e-16
-4.19915e-14
-2.73425e-13
-8.67757e-17
-1.58018e-16
-2.73514e-13
-6.47394e-13
-1.16473e-16
-1.19127e-12
-6.48015e-13
-4.86435e-15
-1.19564e-12
-3.06332e-13
-2.97523e-15
-4.90684e-15
-3.15513e-13
-2.59927e-12
-3.44618e-12
-5.33263e-16
-2.56603e-12
-2.54133e-12
-2.65993e-14
-1.01044e-13
-3.06014e-17
-2.91856e-13
-1.02279e-13
-2.49485e-17
-2.90109e-13
-5.9823e-16
-4.44707e-14
-1.21163e-13
-5.82093e-17
-2.9185e-13
-1.21589e-13
-6.7489e-16
-2.92001e-13
-2.82934e-12
-1.67608e-12
-4.27382e-14
-2.87373e-12
-9.60525e-16
-2.35981e-13
-9.83516e-15
-1.10698e-12
-1.99122e-12
-5.85273e-13
-4.42264e-16
-1.98427e-12
-6.59774e-14
-2.093e-13
-3.22077e-16
-6.65237e-14
6.93209e-12
-1.26074e-11
1.90237e-14
6.79161e-12
-1.49325e-17
-3.58016e-13
-3.00281e-11
-1.46284e-11
-7.16749e-16
-2.98558e-11
-4.40151e-13
-2.77042e-12
-8.32386e-16
-4.41685e-13
-1.17445e-16
-2.51099e-13
-4.78669e-13
-2.57358e-12
-1.04077e-15
-4.68261e-13
-4.65324e-14
-1.63054e-12
1.4738e-13
-6.29958e-13
-6.46165e-16
1.49907e-13
-7.62008e-17
-1.6542e-13
-8.71287e-13
-2.47533e-12
-3.86964e-15
-8.49304e-13
-6.29455e-13
-8.60314e-13
-1.87123e-15
-6.3252e-13
-3.66385e-17
-5.37621e-14
-2.18691e-16
-7.36327e-14
-6.77453e-14
-4.42571e-13
3.04047e-17
-6.79356e-14
-5.46004e-14
-5.34204e-13
-3.16199e-16
-5.47929e-14
-1.51633e-13
-1.714e-11
-3.46954e-12
-1.35144e-12
-1.06735e-15
-3.45818e-12
4.06104e-13
-5.44692e-11
4.25396e-16
4.01809e-13
-1.04082e-13
-2.05405e-15
-8.5916e-16
-1.04514e-13
-1.8384e-12
-7.56744e-14
-1.50049e-14
-1.76316e-12
-2.9429e-13
-3.16422e-15
-2.76135e-15
-2.93535e-13
-2.23039e-10
-4.74774e-13
-1.78412e-12
-2.21383e-10
-2.59881e-13
-2.12109e-15
-5.3285e-16
-2.62026e-13
-7.61207e-13
-1.2496e-15
-3.52631e-16
-7.60037e-13
-4.00856e-13
-3.38338e-15
-9.82564e-16
-4.04203e-13
-2.02004e-13
-3.27396e-15
-1.79606e-15
-2.00378e-13
-1.54972e-13
-2.62852e-15
-1.50517e-15
-1.53567e-13
-3.20764e-10
-6.795e-13
-2.56099e-12
-3.18381e-10
-3.05244e-11
-1.34946e-10
-2.42569e-15
-3.04378e-11
-3.0695e-11
-2.23229e-13
-4.89932e-10
-7.04404e-13
-2.42921e-09
-4.89654e-10
-1.06579e-11
-2.43923e-09
-1.02923e-09
-1.06578e-11
-3.49765e-10
-1.01137e-09
-3.07958e-12
-3.40225e-10
-1.53911e-08
4.37759e-12
-5.10766e-09
-1.53272e-08
-1.21175e-11
-5.02259e-09
6.28382e-09
2.20515e-11
-1.4974e-11
6.33529e-09
-2.05742e-11
-2.8389e-15
-3.0836e-13
-2.05907e-11
-4.74734e-16
-3.07857e-13
-1.39724e-13
-1.1736e-11
-2.12072e-11
-1.78905e-11
-1.32251e-15
-2.11759e-11
-2.13342e-11
-1.3696e-13
-5.20782e-13
-1.765e-13
-1.53093e-15
-5.2351e-13
-9.08918e-16
-6.42473e-14
-9.91309e-15
-3.66645e-13
1.25445e-16
-9.65202e-15
-9.97966e-15
-1.85832e-16
-2.98144e-15
-3.23109e-13
-1.52672e-16
-1.45801e-13
-8.05767e-13
-2.27539e-12
-3.64101e-15
-7.83035e-13
-3.4235e-14
-2.24533e-16
-8.98803e-17
-3.42068e-14
-9.05949e-14
-2.33502e-15
-1.87678e-15
-8.93773e-14
-2.03963e-12
-7.51153e-13
-4.55579e-15
-2.04612e-12
-4.07715e-16
-1.00146e-13
-8.84332e-15
-2.5451e-12
-1.50624e-13
-2.99887e-15
-1.66438e-15
-1.48695e-13
-8.53594e-12
-1.55154e-13
-7.50425e-14
-8.22463e-12
-1.58647e-13
-1.60976e-11
-1.31492e-13
-9.90053e-13
-2.73155e-17
-1.3159e-13
-4.29482e-15
-4.52884e-13
-1.22367e-13
-8.09503e-14
-6.06795e-17
-1.22219e-13
-3.59376e-16
-4.21062e-13
-1.70045e-13
-6.96172e-14
-1.51607e-16
-1.70098e-13
-1.95127e-15
-8.30311e-14
-3.2216e-13
-7.96309e-13
-5.67208e-16
-3.20921e-13
-3.20279e-13
-2.21886e-16
-9.06051e-13
-1.30971e-14
-1.69867e-12
-9.20006e-13
-4.9335e-14
-1.72619e-12
-1.06432e-13
-2.90802e-16
-1.69537e-16
-1.0636e-13
-2.35811e-13
-1.41653e-15
-1.96964e-16
-2.34243e-13
-8.78369e-16
-3.36836e-14
-2.97361e-15
-3.1059e-13
-3.72298e-15
-4.21479e-12
-1.93737e-15
-2.43037e-13
-2.27768e-13
-1.03001e-10
-2.64251e-11
-6.26827e-12
-1.86571e-14
-2.63755e-11
-9.80362e-12
-1.85987e-10
-1.87434e-14
-9.81491e-12
-9.56598e-16
-1.52523e-12
-2.21674e-16
-3.98387e-12
8.88873e-13
-1.48733e-12
-8.5889e-16
8.84507e-13
-2.57687e-15
-5.79464e-13
-2.37781e-13
-1.17719e-15
1.41885e-16
-2.36213e-13
-7.10071e-14
-3.9301e-16
3.3616e-17
-7.0767e-14
-3.42803e-11
-1.98935e-13
-9.92843e-13
-3.40642e-11
-3.46446e-15
-9.94211e-13
-1.11377e-11
-1.98734e-13
-1.00294e-13
-1.07396e-11
-8.52929e-13
-7.49749e-15
-3.40442e-13
-8.40039e-13
-3.36247e-15
-3.31175e-13
-8.56609e-13
-6.56187e-16
-1.78042e-12
-8.57403e-13
-7.63642e-15
-1.78741e-12
-1.07116e-12
-2.6588e-15
-2.28278e-14
-1.07193e-12
-1.94387e-12
-9.33504e-16
-2.48414e-12
-1.9659e-12
-3.41323e-14
-2.44385e-12
-2.26404e-13
-2.08617e-15
-7.9754e-16
-2.28576e-13
1.57676e-12
-4.27423e-12
4.16807e-15
1.54173e-12
-3.02805e-15
-5.10746e-12
-3.14077e-10
-6.66494e-13
-2.50881e-12
-3.11745e-10
-1.22037e-11
-2.18644e-13
-1.11043e-13
-1.17947e-11
-5.93681e-13
-7.42521e-16
-2.005e-12
-5.94152e-13
-8.397e-15
-2.01272e-12
-2.78598e-11
-2.18546e-13
-8.708e-13
-2.76067e-11
-2.97248e-15
-8.71486e-13
-1.41953e-15
-2.33109e-13
-5.51836e-14
-1.7309e-13
3.84966e-17
-5.50518e-14
-4.27875e-13
-6.07398e-16
-1.48714e-12
-4.28582e-13
-5.92778e-15
-1.49212e-12
-9.50636e-13
-8.20011e-15
-3.38339e-13
-9.35357e-13
-3.2234e-15
-3.28729e-13
-5.82993e-13
-5.79095e-15
-5.93854e-15
-5.96431e-13
-2.28211e-12
-1.99188e-14
-2.47736e-14
-2.28772e-12
-3.00219e-15
-4.40981e-13
-2.39203e-11
-2.12977e-11
-1.43594e-15
-2.38752e-11
-2.408e-11
-1.55359e-13
-3.12741e-12
-4.21392e-12
-5.27428e-16
-3.08584e-12
-3.05171e-12
-3.1886e-14
-2.1726e-14
-2.34424e-18
-6.44861e-14
-2.17641e-14
-4.04577e-17
-6.46581e-14
-1.12147e-15
-1.0307e-13
-5.22415e-16
-4.49576e-14
-9.45396e-16
-3.14619e-14
-3.74904e-13
-2.02562e-16
-4.00525e-16
-3.7517e-13
-4.29264e-14
-4.31592e-16
-2.78475e-16
-4.36811e-14
-2.30421e-14
-1.44001e-16
-2.17305e-16
-2.32704e-14
-4.8251e-13
-2.19016e-15
-1.8384e-14
-4.8032e-13
-2.2907e-16
-1.83129e-14
-2.984e-15
-1.03406e-13
-1.03017e-13
-3.15603e-12
-1.34522e-14
-1.44262e-12
-4.87001e-14
-2.43683e-16
-1.37719e-13
-4.90021e-14
-3.83177e-16
-1.3758e-13
-8.02301e-14
-1.62536e-15
-1.75747e-16
-7.99947e-14
-1.56134e-13
-2.43114e-16
-4.95715e-13
-1.57092e-13
-1.20331e-15
-4.95423e-13
-5.44297e-13
-7.07129e-13
-4.57711e-16
-5.43468e-13
-6.92565e-13
-7.61696e-13
-1.12158e-15
-6.92012e-13
-8.46676e-14
-2.87471e-12
-2.79179e-14
-3.04698e-12
-1.90741e-13
-4.36207e-15
-8.73967e-16
-1.9067e-13
-2.68588e-11
-1.48704e-13
-9.45188e-16
-2.66743e-11
-9.06685e-12
-2.25259e-15
-1.48805e-13
-9.24996e-12
-7.05767e-12
-2.91557e-11
-7.75598e-14
-6.85053e-12
-6.82766e-12
-6.1004e-14
-3.55654e-12
-3.33782e-14
-1.56321e-12
-3.5857e-12
-2.14246e-14
-1.53489e-12
-1.57297e-13
-1.86545e-16
-4.79668e-15
-1.59211e-13
-2.01425e-13
-6.99819e-16
-1.76565e-13
-2.01398e-13
-9.35287e-17
-1.75962e-13
-9.02317e-13
-2.7495e-14
-2.78e-16
-8.88703e-13
-3.95026e-12
-5.10658e-14
-4.1561e-16
-3.97808e-12
